[0.653s] DEBUG:colcon:Command line arguments: ['/usr/bin/colcon', 'build']
[0.653s] DEBUG:colcon:Parsed command line arguments: Namespace(log_base=None, log_level=None, verb_name='build', build_base='build', install_base='install', merge_install=False, symlink_install=False, test_result_base=None, continue_on_error=False, executor='parallel', parallel_workers=20, event_handlers=None, ignore_user_meta=False, metas=['./colcon.meta'], base_paths=['.'], packages_ignore=None, packages_ignore_regex=None, paths=None, packages_up_to=None, packages_up_to_regex=None, packages_above=None, packages_above_and_dependencies=None, packages_above_depth=None, packages_select_by_dep=None, packages_skip_by_dep=None, packages_skip_up_to=None, packages_select_build_failed=False, packages_skip_build_finished=False, packages_select_test_failures=False, packages_skip_test_passed=False, packages_select=None, packages_skip=None, packages_select_regex=None, packages_skip_regex=None, packages_start=None, packages_end=None, allow_overriding=[], cmake_args=None, cmake_target=None, cmake_target_skip_unavailable=False, cmake_clean_cache=False, cmake_clean_first=False, cmake_force_configure=False, ament_cmake_args=None, catkin_cmake_args=None, catkin_skip_building_tests=False, verb_parser=<colcon_defaults.argument_parser.defaults.DefaultArgumentsDecorator object at 0x78f418c4d990>, verb_extension=<colcon_core.verb.build.BuildVerb object at 0x78f418dd3250>, main=<bound method BuildVerb.main of <colcon_core.verb.build.BuildVerb object at 0x78f418dd3250>>)
[0.694s] Level 1:colcon.colcon_core.package_discovery:discover_packages(colcon_meta) check parameters
[0.694s] Level 1:colcon.colcon_core.package_discovery:discover_packages(recursive) check parameters
[0.694s] Level 1:colcon.colcon_core.package_discovery:discover_packages(ignore) check parameters
[0.694s] Level 1:colcon.colcon_core.package_discovery:discover_packages(path) check parameters
[0.694s] Level 1:colcon.colcon_core.package_discovery:discover_packages(colcon_meta) discover
[0.694s] Level 1:colcon.colcon_core.package_discovery:discover_packages(recursive) discover
[0.694s] INFO:colcon.colcon_core.package_discovery:Crawling recursively for packages in '/home/yash_linux/teleop_ws'
[0.694s] Level 1:colcon.colcon_core.package_identification:_identify(.) by extensions ['ignore', 'ignore_ament_install']
[0.694s] Level 1:colcon.colcon_core.package_identification:_identify(.) by extension 'ignore'
[0.694s] Level 1:colcon.colcon_core.package_identification:_identify(.) by extension 'ignore_ament_install'
[0.695s] Level 1:colcon.colcon_core.package_identification:_identify(.) by extensions ['colcon_pkg']
[0.695s] Level 1:colcon.colcon_core.package_identification:_identify(.) by extension 'colcon_pkg'
[0.695s] Level 1:colcon.colcon_core.package_identification:_identify(.) by extensions ['colcon_meta']
[0.695s] Level 1:colcon.colcon_core.package_identification:_identify(.) by extension 'colcon_meta'
[0.695s] Level 1:colcon.colcon_core.package_identification:_identify(.) by extensions ['ros']
[0.695s] Level 1:colcon.colcon_core.package_identification:_identify(.) by extension 'ros'
[0.711s] Level 1:colcon.colcon_core.package_identification:_identify(.) by extensions ['cmake', 'python']
[0.711s] Level 1:colcon.colcon_core.package_identification:_identify(.) by extension 'cmake'
[0.711s] Level 1:colcon.colcon_core.package_identification:_identify(.) by extension 'python'
[0.711s] Level 1:colcon.colcon_core.package_identification:_identify(.) by extensions ['python_setup_py']
[0.711s] Level 1:colcon.colcon_core.package_identification:_identify(.) by extension 'python_setup_py'
[0.711s] Level 1:colcon.colcon_core.package_identification:_identify(build) by extensions ['ignore', 'ignore_ament_install']
[0.711s] Level 1:colcon.colcon_core.package_identification:_identify(build) by extension 'ignore'
[0.711s] Level 1:colcon.colcon_core.package_identification:_identify(build) ignored
[0.711s] Level 1:colcon.colcon_core.package_identification:_identify(install) by extensions ['ignore', 'ignore_ament_install']
[0.711s] Level 1:colcon.colcon_core.package_identification:_identify(install) by extension 'ignore'
[0.711s] Level 1:colcon.colcon_core.package_identification:_identify(install) ignored
[0.712s] Level 1:colcon.colcon_core.package_identification:_identify(log) by extensions ['ignore', 'ignore_ament_install']
[0.712s] Level 1:colcon.colcon_core.package_identification:_identify(log) by extension 'ignore'
[0.712s] Level 1:colcon.colcon_core.package_identification:_identify(log) ignored
[0.712s] Level 1:colcon.colcon_core.package_identification:_identify(src) by extensions ['ignore', 'ignore_ament_install']
[0.712s] Level 1:colcon.colcon_core.package_identification:_identify(src) by extension 'ignore'
[0.712s] Level 1:colcon.colcon_core.package_identification:_identify(src) by extension 'ignore_ament_install'
[0.712s] Level 1:colcon.colcon_core.package_identification:_identify(src) by extensions ['colcon_pkg']
[0.712s] Level 1:colcon.colcon_core.package_identification:_identify(src) by extension 'colcon_pkg'
[0.712s] Level 1:colcon.colcon_core.package_identification:_identify(src) by extensions ['colcon_meta']
[0.712s] Level 1:colcon.colcon_core.package_identification:_identify(src) by extension 'colcon_meta'
[0.712s] Level 1:colcon.colcon_core.package_identification:_identify(src) by extensions ['ros']
[0.712s] Level 1:colcon.colcon_core.package_identification:_identify(src) by extension 'ros'
[0.712s] Level 1:colcon.colcon_core.package_identification:_identify(src) by extensions ['cmake', 'python']
[0.712s] Level 1:colcon.colcon_core.package_identification:_identify(src) by extension 'cmake'
[0.712s] Level 1:colcon.colcon_core.package_identification:_identify(src) by extension 'python'
[0.712s] Level 1:colcon.colcon_core.package_identification:_identify(src) by extensions ['python_setup_py']
[0.712s] Level 1:colcon.colcon_core.package_identification:_identify(src) by extension 'python_setup_py'
[0.712s] Level 1:colcon.colcon_core.package_identification:_identify(src/Universal_Robots_ROS2_Gazebo_Simulation) by extensions ['ignore', 'ignore_ament_install']
[0.713s] Level 1:colcon.colcon_core.package_identification:_identify(src/Universal_Robots_ROS2_Gazebo_Simulation) by extension 'ignore'
[0.713s] Level 1:colcon.colcon_core.package_identification:_identify(src/Universal_Robots_ROS2_Gazebo_Simulation) by extension 'ignore_ament_install'
[0.713s] Level 1:colcon.colcon_core.package_identification:_identify(src/Universal_Robots_ROS2_Gazebo_Simulation) by extensions ['colcon_pkg']
[0.713s] Level 1:colcon.colcon_core.package_identification:_identify(src/Universal_Robots_ROS2_Gazebo_Simulation) by extension 'colcon_pkg'
[0.713s] Level 1:colcon.colcon_core.package_identification:_identify(src/Universal_Robots_ROS2_Gazebo_Simulation) by extensions ['colcon_meta']
[0.713s] Level 1:colcon.colcon_core.package_identification:_identify(src/Universal_Robots_ROS2_Gazebo_Simulation) by extension 'colcon_meta'
[0.713s] Level 1:colcon.colcon_core.package_identification:_identify(src/Universal_Robots_ROS2_Gazebo_Simulation) by extensions ['ros']
[0.713s] Level 1:colcon.colcon_core.package_identification:_identify(src/Universal_Robots_ROS2_Gazebo_Simulation) by extension 'ros'
[0.713s] Level 1:colcon.colcon_core.package_identification:_identify(src/Universal_Robots_ROS2_Gazebo_Simulation) by extensions ['cmake', 'python']
[0.713s] Level 1:colcon.colcon_core.package_identification:_identify(src/Universal_Robots_ROS2_Gazebo_Simulation) by extension 'cmake'
[0.713s] Level 1:colcon.colcon_core.package_identification:_identify(src/Universal_Robots_ROS2_Gazebo_Simulation) by extension 'python'
[0.713s] Level 1:colcon.colcon_core.package_identification:_identify(src/Universal_Robots_ROS2_Gazebo_Simulation) by extensions ['python_setup_py']
[0.713s] Level 1:colcon.colcon_core.package_identification:_identify(src/Universal_Robots_ROS2_Gazebo_Simulation) by extension 'python_setup_py'
[0.713s] Level 1:colcon.colcon_core.package_identification:_identify(src/Universal_Robots_ROS2_Gazebo_Simulation/ur_simulation_gazebo) by extensions ['ignore', 'ignore_ament_install']
[0.713s] Level 1:colcon.colcon_core.package_identification:_identify(src/Universal_Robots_ROS2_Gazebo_Simulation/ur_simulation_gazebo) by extension 'ignore'
[0.713s] Level 1:colcon.colcon_core.package_identification:_identify(src/Universal_Robots_ROS2_Gazebo_Simulation/ur_simulation_gazebo) by extension 'ignore_ament_install'
[0.713s] Level 1:colcon.colcon_core.package_identification:_identify(src/Universal_Robots_ROS2_Gazebo_Simulation/ur_simulation_gazebo) by extensions ['colcon_pkg']
[0.713s] Level 1:colcon.colcon_core.package_identification:_identify(src/Universal_Robots_ROS2_Gazebo_Simulation/ur_simulation_gazebo) by extension 'colcon_pkg'
[0.713s] Level 1:colcon.colcon_core.package_identification:_identify(src/Universal_Robots_ROS2_Gazebo_Simulation/ur_simulation_gazebo) by extensions ['colcon_meta']
[0.713s] Level 1:colcon.colcon_core.package_identification:_identify(src/Universal_Robots_ROS2_Gazebo_Simulation/ur_simulation_gazebo) by extension 'colcon_meta'
[0.713s] Level 1:colcon.colcon_core.package_identification:_identify(src/Universal_Robots_ROS2_Gazebo_Simulation/ur_simulation_gazebo) by extensions ['ros']
[0.713s] Level 1:colcon.colcon_core.package_identification:_identify(src/Universal_Robots_ROS2_Gazebo_Simulation/ur_simulation_gazebo) by extension 'ros'
[0.716s] DEBUG:colcon.colcon_core.package_identification:Package 'src/Universal_Robots_ROS2_Gazebo_Simulation/ur_simulation_gazebo' with type 'ros.ament_cmake' and name 'ur_simulation_gazebo'
[0.716s] Level 1:colcon.colcon_core.package_identification:_identify(src/teleop_arm) by extensions ['ignore', 'ignore_ament_install']
[0.717s] Level 1:colcon.colcon_core.package_identification:_identify(src/teleop_arm) by extension 'ignore'
[0.717s] Level 1:colcon.colcon_core.package_identification:_identify(src/teleop_arm) by extension 'ignore_ament_install'
[0.717s] Level 1:colcon.colcon_core.package_identification:_identify(src/teleop_arm) by extensions ['colcon_pkg']
[0.717s] Level 1:colcon.colcon_core.package_identification:_identify(src/teleop_arm) by extension 'colcon_pkg'
[0.717s] Level 1:colcon.colcon_core.package_identification:_identify(src/teleop_arm) by extensions ['colcon_meta']
[0.717s] Level 1:colcon.colcon_core.package_identification:_identify(src/teleop_arm) by extension 'colcon_meta'
[0.717s] Level 1:colcon.colcon_core.package_identification:_identify(src/teleop_arm) by extensions ['ros']
[0.717s] Level 1:colcon.colcon_core.package_identification:_identify(src/teleop_arm) by extension 'ros'
[0.718s] DEBUG:colcon.colcon_core.package_identification:Package 'src/teleop_arm' with type 'ros.ament_python' and name 'teleop_arm'
[0.718s] Level 1:colcon.colcon_core.package_discovery:discover_packages(recursive) using defaults
[0.718s] Level 1:colcon.colcon_core.package_discovery:discover_packages(ignore) discover
[0.718s] Level 1:colcon.colcon_core.package_discovery:discover_packages(ignore) using defaults
[0.718s] Level 1:colcon.colcon_core.package_discovery:discover_packages(path) discover
[0.718s] Level 1:colcon.colcon_core.package_discovery:discover_packages(path) using defaults
[0.742s] Level 1:colcon.colcon_core.package_discovery:discover_packages(prefix_path) check parameters
[0.742s] Level 1:colcon.colcon_core.package_discovery:discover_packages(prefix_path) discover
[0.743s] DEBUG:colcon.colcon_installed_package_information.package_discovery:Found 2 installed packages in /home/yash_linux/teleop_ws/install
[0.746s] DEBUG:colcon.colcon_installed_package_information.package_discovery:Found 489 installed packages in /opt/ros/humble
[0.752s] Level 1:colcon.colcon_core.package_discovery:discover_packages(prefix_path) using defaults
[0.804s] Level 5:colcon.colcon_core.verb:set package 'teleop_arm' build argument 'cmake_args' from command line to 'None'
[0.804s] Level 5:colcon.colcon_core.verb:set package 'teleop_arm' build argument 'cmake_target' from command line to 'None'
[0.804s] Level 5:colcon.colcon_core.verb:set package 'teleop_arm' build argument 'cmake_target_skip_unavailable' from command line to 'False'
[0.804s] Level 5:colcon.colcon_core.verb:set package 'teleop_arm' build argument 'cmake_clean_cache' from command line to 'False'
[0.804s] Level 5:colcon.colcon_core.verb:set package 'teleop_arm' build argument 'cmake_clean_first' from command line to 'False'
[0.804s] Level 5:colcon.colcon_core.verb:set package 'teleop_arm' build argument 'cmake_force_configure' from command line to 'False'
[0.804s] Level 5:colcon.colcon_core.verb:set package 'teleop_arm' build argument 'ament_cmake_args' from command line to 'None'
[0.804s] Level 5:colcon.colcon_core.verb:set package 'teleop_arm' build argument 'catkin_cmake_args' from command line to 'None'
[0.804s] Level 5:colcon.colcon_core.verb:set package 'teleop_arm' build argument 'catkin_skip_building_tests' from command line to 'False'
[0.804s] DEBUG:colcon.colcon_core.verb:Building package 'teleop_arm' with the following arguments: {'ament_cmake_args': None, 'build_base': '/home/yash_linux/teleop_ws/build/teleop_arm', 'catkin_cmake_args': None, 'catkin_skip_building_tests': False, 'cmake_args': None, 'cmake_clean_cache': False, 'cmake_clean_first': False, 'cmake_force_configure': False, 'cmake_target': None, 'cmake_target_skip_unavailable': False, 'install_base': '/home/yash_linux/teleop_ws/install/teleop_arm', 'merge_install': False, 'path': '/home/yash_linux/teleop_ws/src/teleop_arm', 'symlink_install': False, 'test_result_base': None}
[0.805s] Level 5:colcon.colcon_core.verb:set package 'ur_simulation_gazebo' build argument 'cmake_args' from command line to 'None'
[0.805s] Level 5:colcon.colcon_core.verb:set package 'ur_simulation_gazebo' build argument 'cmake_target' from command line to 'None'
[0.805s] Level 5:colcon.colcon_core.verb:set package 'ur_simulation_gazebo' build argument 'cmake_target_skip_unavailable' from command line to 'False'
[0.805s] Level 5:colcon.colcon_core.verb:set package 'ur_simulation_gazebo' build argument 'cmake_clean_cache' from command line to 'False'
[0.805s] Level 5:colcon.colcon_core.verb:set package 'ur_simulation_gazebo' build argument 'cmake_clean_first' from command line to 'False'
[0.805s] Level 5:colcon.colcon_core.verb:set package 'ur_simulation_gazebo' build argument 'cmake_force_configure' from command line to 'False'
[0.805s] Level 5:colcon.colcon_core.verb:set package 'ur_simulation_gazebo' build argument 'ament_cmake_args' from command line to 'None'
[0.805s] Level 5:colcon.colcon_core.verb:set package 'ur_simulation_gazebo' build argument 'catkin_cmake_args' from command line to 'None'
[0.805s] Level 5:colcon.colcon_core.verb:set package 'ur_simulation_gazebo' build argument 'catkin_skip_building_tests' from command line to 'False'
[0.805s] DEBUG:colcon.colcon_core.verb:Building package 'ur_simulation_gazebo' with the following arguments: {'ament_cmake_args': None, 'build_base': '/home/yash_linux/teleop_ws/build/ur_simulation_gazebo', 'catkin_cmake_args': None, 'catkin_skip_building_tests': False, 'cmake_args': None, 'cmake_clean_cache': False, 'cmake_clean_first': False, 'cmake_force_configure': False, 'cmake_target': None, 'cmake_target_skip_unavailable': False, 'install_base': '/home/yash_linux/teleop_ws/install/ur_simulation_gazebo', 'merge_install': False, 'path': '/home/yash_linux/teleop_ws/src/Universal_Robots_ROS2_Gazebo_Simulation/ur_simulation_gazebo', 'symlink_install': False, 'test_result_base': None}
[0.805s] INFO:colcon.colcon_core.executor:Executing jobs using 'parallel' executor
[0.806s] DEBUG:colcon.colcon_parallel_executor.executor.parallel:run_until_complete
[0.806s] INFO:colcon.colcon_ros.task.ament_python.build:Building ROS package in '/home/yash_linux/teleop_ws/src/teleop_arm' with build type 'ament_python'
[0.806s] Level 1:colcon.colcon_core.shell:create_environment_hook('teleop_arm', 'ament_prefix_path')
[0.809s] INFO:colcon.colcon_core.plugin_system:Skipping extension 'colcon_core.shell.bat': Not used on non-Windows systems
[0.810s] INFO:colcon.colcon_core.shell:Creating environment hook '/home/yash_linux/teleop_ws/install/teleop_arm/share/teleop_arm/hook/ament_prefix_path.ps1'
[0.811s] INFO:colcon.colcon_core.shell:Creating environment descriptor '/home/yash_linux/teleop_ws/install/teleop_arm/share/teleop_arm/hook/ament_prefix_path.dsv'
[0.811s] INFO:colcon.colcon_core.shell:Creating environment hook '/home/yash_linux/teleop_ws/install/teleop_arm/share/teleop_arm/hook/ament_prefix_path.sh'
[0.812s] INFO:colcon.colcon_core.shell:Skip shell extension 'powershell' for command environment: Not usable outside of PowerShell
[0.812s] DEBUG:colcon.colcon_core.shell:Skip shell extension 'dsv' for command environment
[0.816s] INFO:colcon.colcon_ros.task.ament_cmake.build:Building ROS package in '/home/yash_linux/teleop_ws/src/Universal_Robots_ROS2_Gazebo_Simulation/ur_simulation_gazebo' with build type 'ament_cmake'
[0.817s] INFO:colcon.colcon_cmake.task.cmake.build:Building CMake package in '/home/yash_linux/teleop_ws/src/Universal_Robots_ROS2_Gazebo_Simulation/ur_simulation_gazebo'
[0.817s] INFO:colcon.colcon_core.shell:Skip shell extension 'powershell' for command environment: Not usable outside of PowerShell
[0.817s] DEBUG:colcon.colcon_core.shell:Skip shell extension 'dsv' for command environment
[1.075s] WARNING:colcon.colcon_ros.task.ament_python.build:Package 'teleop_arm' doesn't explicitly install a marker in the package index (colcon-ros currently does it implicitly but that fallback will be removed in the future)
[1.075s] INFO:colcon.colcon_core.task.python.build:Building Python package in '/home/yash_linux/teleop_ws/src/teleop_arm'
[1.076s] INFO:colcon.colcon_core.shell:Skip shell extension 'powershell' for command environment: Not usable outside of PowerShell
[1.076s] DEBUG:colcon.colcon_core.shell:Skip shell extension 'dsv' for command environment
[1.087s] DEBUG:colcon.colcon_core.event_handler.log_command:Invoking command in '/home/yash_linux/teleop_ws/build/ur_simulation_gazebo': CMAKE_PREFIX_PATH=${CMAKE_PREFIX_PATH}:/home/yash_linux/teleop_ws/install/teleop_arm:/opt/ros/humble /usr/bin/cmake --build /home/yash_linux/teleop_ws/build/ur_simulation_gazebo -- -j20 -l20
[1.130s] DEBUG:colcon.colcon_core.event_handler.log_command:Invoked command in '/home/yash_linux/teleop_ws/build/ur_simulation_gazebo' returned '0': CMAKE_PREFIX_PATH=${CMAKE_PREFIX_PATH}:/home/yash_linux/teleop_ws/install/teleop_arm:/opt/ros/humble /usr/bin/cmake --build /home/yash_linux/teleop_ws/build/ur_simulation_gazebo -- -j20 -l20
[1.147s] DEBUG:colcon.colcon_core.event_handler.log_command:Invoking command in '/home/yash_linux/teleop_ws/build/ur_simulation_gazebo': CMAKE_PREFIX_PATH=${CMAKE_PREFIX_PATH}:/home/yash_linux/teleop_ws/install/teleop_arm:/opt/ros/humble /usr/bin/cmake --install /home/yash_linux/teleop_ws/build/ur_simulation_gazebo
[1.158s] Level 1:colcon.colcon_core.environment:create_environment_scripts_only(ur_simulation_gazebo)
[1.159s] DEBUG:colcon.colcon_core.event_handler.log_command:Invoked command in '/home/yash_linux/teleop_ws/build/ur_simulation_gazebo' returned '0': CMAKE_PREFIX_PATH=${CMAKE_PREFIX_PATH}:/home/yash_linux/teleop_ws/install/teleop_arm:/opt/ros/humble /usr/bin/cmake --install /home/yash_linux/teleop_ws/build/ur_simulation_gazebo
[1.171s] Level 1:colcon.colcon_core.environment:checking '/home/yash_linux/teleop_ws/install/ur_simulation_gazebo' for CMake module files
[1.171s] Level 1:colcon.colcon_core.environment:checking '/home/yash_linux/teleop_ws/install/ur_simulation_gazebo' for CMake config files
[1.172s] Level 1:colcon.colcon_core.shell:create_environment_hook('ur_simulation_gazebo', 'cmake_prefix_path')
[1.172s] INFO:colcon.colcon_core.shell:Creating environment hook '/home/yash_linux/teleop_ws/install/ur_simulation_gazebo/share/ur_simulation_gazebo/hook/cmake_prefix_path.ps1'
[1.172s] INFO:colcon.colcon_core.shell:Creating environment descriptor '/home/yash_linux/teleop_ws/install/ur_simulation_gazebo/share/ur_simulation_gazebo/hook/cmake_prefix_path.dsv'
[1.173s] INFO:colcon.colcon_core.shell:Creating environment hook '/home/yash_linux/teleop_ws/install/ur_simulation_gazebo/share/ur_simulation_gazebo/hook/cmake_prefix_path.sh'
[1.174s] Level 1:colcon.colcon_core.environment:checking '/home/yash_linux/teleop_ws/install/ur_simulation_gazebo/bin'
[1.174s] Level 1:colcon.colcon_core.environment:checking '/home/yash_linux/teleop_ws/install/ur_simulation_gazebo/lib/pkgconfig/ur_simulation_gazebo.pc'
[1.174s] Level 1:colcon.colcon_core.environment:checking '/home/yash_linux/teleop_ws/install/ur_simulation_gazebo/lib/python3.10/site-packages'
[1.174s] Level 1:colcon.colcon_core.environment:checking '/home/yash_linux/teleop_ws/install/ur_simulation_gazebo/bin'
[1.174s] INFO:colcon.colcon_core.shell:Creating package script '/home/yash_linux/teleop_ws/install/ur_simulation_gazebo/share/ur_simulation_gazebo/package.ps1'
[1.175s] INFO:colcon.colcon_core.shell:Creating package descriptor '/home/yash_linux/teleop_ws/install/ur_simulation_gazebo/share/ur_simulation_gazebo/package.dsv'
[1.176s] INFO:colcon.colcon_core.shell:Creating package script '/home/yash_linux/teleop_ws/install/ur_simulation_gazebo/share/ur_simulation_gazebo/package.sh'
[1.176s] INFO:colcon.colcon_core.shell:Creating package script '/home/yash_linux/teleop_ws/install/ur_simulation_gazebo/share/ur_simulation_gazebo/package.bash'
[1.177s] INFO:colcon.colcon_core.shell:Creating package script '/home/yash_linux/teleop_ws/install/ur_simulation_gazebo/share/ur_simulation_gazebo/package.zsh'
[1.178s] Level 1:colcon.colcon_core.environment:create_file_with_runtime_dependencies(/home/yash_linux/teleop_ws/install/ur_simulation_gazebo/share/colcon-core/packages/ur_simulation_gazebo)
[1.178s] Level 1:colcon.colcon_core.environment:create_environment_scripts_only(ur_simulation_gazebo)
[1.178s] Level 1:colcon.colcon_core.environment:checking '/home/yash_linux/teleop_ws/install/ur_simulation_gazebo' for CMake module files
[1.179s] Level 1:colcon.colcon_core.environment:checking '/home/yash_linux/teleop_ws/install/ur_simulation_gazebo' for CMake config files
[1.179s] Level 1:colcon.colcon_core.shell:create_environment_hook('ur_simulation_gazebo', 'cmake_prefix_path')
[1.179s] INFO:colcon.colcon_core.shell:Creating environment hook '/home/yash_linux/teleop_ws/install/ur_simulation_gazebo/share/ur_simulation_gazebo/hook/cmake_prefix_path.ps1'
[1.180s] INFO:colcon.colcon_core.shell:Creating environment descriptor '/home/yash_linux/teleop_ws/install/ur_simulation_gazebo/share/ur_simulation_gazebo/hook/cmake_prefix_path.dsv'
[1.180s] INFO:colcon.colcon_core.shell:Creating environment hook '/home/yash_linux/teleop_ws/install/ur_simulation_gazebo/share/ur_simulation_gazebo/hook/cmake_prefix_path.sh'
[1.180s] Level 1:colcon.colcon_core.environment:checking '/home/yash_linux/teleop_ws/install/ur_simulation_gazebo/bin'
[1.180s] Level 1:colcon.colcon_core.environment:checking '/home/yash_linux/teleop_ws/install/ur_simulation_gazebo/lib/pkgconfig/ur_simulation_gazebo.pc'
[1.181s] Level 1:colcon.colcon_core.environment:checking '/home/yash_linux/teleop_ws/install/ur_simulation_gazebo/lib/python3.10/site-packages'
[1.181s] Level 1:colcon.colcon_core.environment:checking '/home/yash_linux/teleop_ws/install/ur_simulation_gazebo/bin'
[1.181s] INFO:colcon.colcon_core.shell:Creating package script '/home/yash_linux/teleop_ws/install/ur_simulation_gazebo/share/ur_simulation_gazebo/package.ps1'
[1.182s] INFO:colcon.colcon_core.shell:Creating package descriptor '/home/yash_linux/teleop_ws/install/ur_simulation_gazebo/share/ur_simulation_gazebo/package.dsv'
[1.182s] INFO:colcon.colcon_core.shell:Creating package script '/home/yash_linux/teleop_ws/install/ur_simulation_gazebo/share/ur_simulation_gazebo/package.sh'
[1.182s] INFO:colcon.colcon_core.shell:Creating package script '/home/yash_linux/teleop_ws/install/ur_simulation_gazebo/share/ur_simulation_gazebo/package.bash'
[1.183s] INFO:colcon.colcon_core.shell:Creating package script '/home/yash_linux/teleop_ws/install/ur_simulation_gazebo/share/ur_simulation_gazebo/package.zsh'
[1.183s] Level 1:colcon.colcon_core.environment:create_file_with_runtime_dependencies(/home/yash_linux/teleop_ws/install/ur_simulation_gazebo/share/colcon-core/packages/ur_simulation_gazebo)
[1.688s] DEBUG:colcon.colcon_core.event_handler.log_command:Invoking command in '/home/yash_linux/teleop_ws/src/teleop_arm': PYTHONPATH=/home/yash_linux/teleop_ws/build/teleop_arm/prefix_override:/usr/lib/python3/dist-packages/colcon_core/task/python/colcon_distutils_commands:/home/yash_linux/teleop_ws/install/teleop_arm/lib/python3.10/site-packages:${PYTHONPATH} /usr/bin/python3 -W ignore:setup.py install is deprecated -W ignore:easy_install command is deprecated setup.py egg_info --egg-base ../../build/teleop_arm build --build-base /home/yash_linux/teleop_ws/build/teleop_arm/build install --record /home/yash_linux/teleop_ws/build/teleop_arm/install.log --single-version-externally-managed install_data
[2.320s] Level 1:colcon.colcon_core.environment:checking '/home/yash_linux/teleop_ws/install/teleop_arm' for CMake module files
[2.321s] DEBUG:colcon.colcon_core.event_handler.log_command:Invoked command in '/home/yash_linux/teleop_ws/src/teleop_arm' returned '0': PYTHONPATH=/home/yash_linux/teleop_ws/build/teleop_arm/prefix_override:/usr/lib/python3/dist-packages/colcon_core/task/python/colcon_distutils_commands:/home/yash_linux/teleop_ws/install/teleop_arm/lib/python3.10/site-packages:${PYTHONPATH} /usr/bin/python3 -W ignore:setup.py install is deprecated -W ignore:easy_install command is deprecated setup.py egg_info --egg-base ../../build/teleop_arm build --build-base /home/yash_linux/teleop_ws/build/teleop_arm/build install --record /home/yash_linux/teleop_ws/build/teleop_arm/install.log --single-version-externally-managed install_data
[2.321s] Level 1:colcon.colcon_core.environment:checking '/home/yash_linux/teleop_ws/install/teleop_arm' for CMake config files
[2.322s] Level 1:colcon.colcon_core.environment:checking '/home/yash_linux/teleop_ws/install/teleop_arm/lib'
[2.323s] Level 1:colcon.colcon_core.environment:checking '/home/yash_linux/teleop_ws/install/teleop_arm/bin'
[2.323s] Level 1:colcon.colcon_core.environment:checking '/home/yash_linux/teleop_ws/install/teleop_arm/lib/pkgconfig/teleop_arm.pc'
[2.323s] Level 1:colcon.colcon_core.environment:checking '/home/yash_linux/teleop_ws/install/teleop_arm/lib/python3.10/site-packages'
[2.324s] Level 1:colcon.colcon_core.shell:create_environment_hook('teleop_arm', 'pythonpath')
[2.324s] INFO:colcon.colcon_core.shell:Creating environment hook '/home/yash_linux/teleop_ws/install/teleop_arm/share/teleop_arm/hook/pythonpath.ps1'
[2.325s] INFO:colcon.colcon_core.shell:Creating environment descriptor '/home/yash_linux/teleop_ws/install/teleop_arm/share/teleop_arm/hook/pythonpath.dsv'
[2.327s] INFO:colcon.colcon_core.shell:Creating environment hook '/home/yash_linux/teleop_ws/install/teleop_arm/share/teleop_arm/hook/pythonpath.sh'
[2.329s] Level 1:colcon.colcon_core.environment:checking '/home/yash_linux/teleop_ws/install/teleop_arm/bin'
[2.329s] Level 1:colcon.colcon_core.environment:create_environment_scripts_only(teleop_arm)
[2.330s] INFO:colcon.colcon_core.shell:Creating package script '/home/yash_linux/teleop_ws/install/teleop_arm/share/teleop_arm/package.ps1'
[2.331s] INFO:colcon.colcon_core.shell:Creating package descriptor '/home/yash_linux/teleop_ws/install/teleop_arm/share/teleop_arm/package.dsv'
[2.332s] INFO:colcon.colcon_core.shell:Creating package script '/home/yash_linux/teleop_ws/install/teleop_arm/share/teleop_arm/package.sh'
[2.333s] INFO:colcon.colcon_core.shell:Creating package script '/home/yash_linux/teleop_ws/install/teleop_arm/share/teleop_arm/package.bash'
[2.333s] INFO:colcon.colcon_core.shell:Creating package script '/home/yash_linux/teleop_ws/install/teleop_arm/share/teleop_arm/package.zsh'
[2.334s] Level 1:colcon.colcon_core.environment:create_file_with_runtime_dependencies(/home/yash_linux/teleop_ws/install/teleop_arm/share/colcon-core/packages/teleop_arm)
[2.334s] DEBUG:colcon.colcon_parallel_executor.executor.parallel:closing loop
[2.336s] DEBUG:colcon.colcon_parallel_executor.executor.parallel:loop closed
[2.336s] DEBUG:colcon.colcon_parallel_executor.executor.parallel:run_until_complete finished with '0'
[2.337s] DEBUG:colcon.colcon_core.event_reactor:joining thread
[2.566s] INFO:colcon.colcon_core.plugin_system:Skipping extension 'colcon_notification.desktop_notification.notify_send': Could not find 'notify-send'
[2.566s] INFO:colcon.colcon_core.plugin_system:Skipping extension 'colcon_notification.desktop_notification.terminal_notifier': Not used on non-Darwin systems
[2.567s] INFO:colcon.colcon_core.plugin_system:Skipping extension 'colcon_notification.desktop_notification.win32': Not used on non-Windows systems
[2.567s] INFO:colcon.colcon_notification.desktop_notification:Sending desktop notification using 'notify2'
[2.569s] DEBUG:colcon.colcon_notification.desktop_notification.notify2:Failed to initialize notify2: org.freedesktop.DBus.Error.ServiceUnknown: The name org.freedesktop.Notifications was not provided by any .service files
[2.569s] DEBUG:colcon.colcon_core.event_reactor:joined thread
[2.570s] INFO:colcon.colcon_core.shell:Creating prefix script '/home/yash_linux/teleop_ws/install/local_setup.ps1'
[2.571s] INFO:colcon.colcon_core.shell:Creating prefix util module '/home/yash_linux/teleop_ws/install/_local_setup_util_ps1.py'
[2.572s] INFO:colcon.colcon_core.shell:Creating prefix chain script '/home/yash_linux/teleop_ws/install/setup.ps1'
[2.574s] INFO:colcon.colcon_core.shell:Creating prefix script '/home/yash_linux/teleop_ws/install/local_setup.sh'
[2.575s] INFO:colcon.colcon_core.shell:Creating prefix util module '/home/yash_linux/teleop_ws/install/_local_setup_util_sh.py'
[2.576s] INFO:colcon.colcon_core.shell:Creating prefix chain script '/home/yash_linux/teleop_ws/install/setup.sh'
[2.577s] INFO:colcon.colcon_core.shell:Creating prefix script '/home/yash_linux/teleop_ws/install/local_setup.bash'
[2.577s] INFO:colcon.colcon_core.shell:Creating prefix chain script '/home/yash_linux/teleop_ws/install/setup.bash'
[2.578s] INFO:colcon.colcon_core.shell:Creating prefix script '/home/yash_linux/teleop_ws/install/local_setup.zsh'
[2.578s] INFO:colcon.colcon_core.shell:Creating prefix chain script '/home/yash_linux/teleop_ws/install/setup.zsh'
