[0.881s] Invoking command in '/home/yash_linux/teleop_ws/src/teleop_arm': PYTHONPATH=/home/yash_linux/teleop_ws/build/teleop_arm/prefix_override:/usr/lib/python3/dist-packages/colcon_core/task/python/colcon_distutils_commands:/home/yash_linux/teleop_ws/install/teleop_arm/lib/python3.10/site-packages:${PYTHONPATH} /usr/bin/python3 -W ignore:setup.py install is deprecated -W ignore:easy_install command is deprecated setup.py egg_info --egg-base ../../build/teleop_arm build --build-base /home/yash_linux/teleop_ws/build/teleop_arm/build install --record /home/yash_linux/teleop_ws/build/teleop_arm/install.log --single-version-externally-managed install_data
[1.143s] running egg_info
[1.155s] writing ../../build/teleop_arm/teleop_arm.egg-info/PKG-INFO
[1.156s] writing dependency_links to ../../build/teleop_arm/teleop_arm.egg-info/dependency_links.txt
[1.157s] writing entry points to ../../build/teleop_arm/teleop_arm.egg-info/entry_points.txt
[1.157s] writing requirements to ../../build/teleop_arm/teleop_arm.egg-info/requires.txt
[1.158s] writing top-level names to ../../build/teleop_arm/teleop_arm.egg-info/top_level.txt
[1.192s] reading manifest file '../../build/teleop_arm/teleop_arm.egg-info/SOURCES.txt'
[1.193s] writing manifest file '../../build/teleop_arm/teleop_arm.egg-info/SOURCES.txt'
[1.193s] running build
[1.193s] running build_py
[1.193s] copying teleop_arm/__init__.py -> /home/yash_linux/teleop_ws/build/teleop_arm/build/lib/teleop_arm
[1.194s] running install
[1.199s] running install_lib
[1.212s] copying /home/yash_linux/teleop_ws/build/teleop_arm/build/lib/teleop_arm/__init__.py -> /home/yash_linux/teleop_ws/install/teleop_arm/lib/python3.10/site-packages/teleop_arm
[1.213s] byte-compiling /home/yash_linux/teleop_ws/install/teleop_arm/lib/python3.10/site-packages/teleop_arm/__init__.py to __init__.cpython-310.pyc
[1.213s] running install_data
[1.214s] running install_egg_info
[1.228s] removing '/home/yash_linux/teleop_ws/install/teleop_arm/lib/python3.10/site-packages/teleop_arm-0.0.0-py3.10.egg-info' (and everything under it)
[1.228s] Copying ../../build/teleop_arm/teleop_arm.egg-info to /home/yash_linux/teleop_ws/install/teleop_arm/lib/python3.10/site-packages/teleop_arm-0.0.0-py3.10.egg-info
[1.229s] running install_scripts
[1.346s] Installing keyboard_teleop script to /home/yash_linux/teleop_ws/install/teleop_arm/lib/teleop_arm
[1.346s] writing list of installed files to '/home/yash_linux/teleop_ws/build/teleop_arm/install.log'
[1.372s] Invoked command in '/home/yash_linux/teleop_ws/src/teleop_arm' returned '0': PYTHONPATH=/home/yash_linux/teleop_ws/build/teleop_arm/prefix_override:/usr/lib/python3/dist-packages/colcon_core/task/python/colcon_distutils_commands:/home/yash_linux/teleop_ws/install/teleop_arm/lib/python3.10/site-packages:${PYTHONPATH} /usr/bin/python3 -W ignore:setup.py install is deprecated -W ignore:easy_install command is deprecated setup.py egg_info --egg-base ../../build/teleop_arm build --build-base /home/yash_linux/teleop_ws/build/teleop_arm/build install --record /home/yash_linux/teleop_ws/build/teleop_arm/install.log --single-version-externally-managed install_data
