[0.406s] DEBUG:colcon:Command line arguments: ['/usr/bin/colcon', 'build']
[0.406s] DEBUG:colcon:Parsed command line arguments: Namespace(log_base=None, log_level=None, verb_name='build', build_base='build', install_base='install', merge_install=False, symlink_install=False, test_result_base=None, continue_on_error=False, executor='parallel', parallel_workers=20, event_handlers=None, ignore_user_meta=False, metas=['./colcon.meta'], base_paths=['.'], packages_ignore=None, packages_ignore_regex=None, paths=None, packages_up_to=None, packages_up_to_regex=None, packages_above=None, packages_above_and_dependencies=None, packages_above_depth=None, packages_select_by_dep=None, packages_skip_by_dep=None, packages_skip_up_to=None, packages_select_build_failed=False, packages_skip_build_finished=False, packages_select_test_failures=False, packages_skip_test_passed=False, packages_select=None, packages_skip=None, packages_select_regex=None, packages_skip_regex=None, packages_start=None, packages_end=None, allow_overriding=[], cmake_args=None, cmake_target=None, cmake_target_skip_unavailable=False, cmake_clean_cache=False, cmake_clean_first=False, cmake_force_configure=False, ament_cmake_args=None, catkin_cmake_args=None, catkin_skip_building_tests=False, verb_parser=<colcon_defaults.argument_parser.defaults.DefaultArgumentsDecorator object at 0x7e21ae349990>, verb_extension=<colcon_core.verb.build.BuildVerb object at 0x7e21ae4db250>, main=<bound method BuildVerb.main of <colcon_core.verb.build.BuildVerb object at 0x7e21ae4db250>>)
[0.437s] Level 1:colcon.colcon_core.package_discovery:discover_packages(colcon_meta) check parameters
[0.437s] Level 1:colcon.colcon_core.package_discovery:discover_packages(recursive) check parameters
[0.437s] Level 1:colcon.colcon_core.package_discovery:discover_packages(ignore) check parameters
[0.437s] Level 1:colcon.colcon_core.package_discovery:discover_packages(path) check parameters
[0.437s] Level 1:colcon.colcon_core.package_discovery:discover_packages(colcon_meta) discover
[0.438s] Level 1:colcon.colcon_core.package_discovery:discover_packages(recursive) discover
[0.438s] INFO:colcon.colcon_core.package_discovery:Crawling recursively for packages in '/home/yash_linux/teleop_ws'
[0.438s] Level 1:colcon.colcon_core.package_identification:_identify(.) by extensions ['ignore', 'ignore_ament_install']
[0.438s] Level 1:colcon.colcon_core.package_identification:_identify(.) by extension 'ignore'
[0.438s] Level 1:colcon.colcon_core.package_identification:_identify(.) by extension 'ignore_ament_install'
[0.438s] Level 1:colcon.colcon_core.package_identification:_identify(.) by extensions ['colcon_pkg']
[0.438s] Level 1:colcon.colcon_core.package_identification:_identify(.) by extension 'colcon_pkg'
[0.438s] Level 1:colcon.colcon_core.package_identification:_identify(.) by extensions ['colcon_meta']
[0.438s] Level 1:colcon.colcon_core.package_identification:_identify(.) by extension 'colcon_meta'
[0.438s] Level 1:colcon.colcon_core.package_identification:_identify(.) by extensions ['ros']
[0.438s] Level 1:colcon.colcon_core.package_identification:_identify(.) by extension 'ros'
[0.450s] Level 1:colcon.colcon_core.package_identification:_identify(.) by extensions ['cmake', 'python']
[0.450s] Level 1:colcon.colcon_core.package_identification:_identify(.) by extension 'cmake'
[0.450s] Level 1:colcon.colcon_core.package_identification:_identify(.) by extension 'python'
[0.450s] Level 1:colcon.colcon_core.package_identification:_identify(.) by extensions ['python_setup_py']
[0.450s] Level 1:colcon.colcon_core.package_identification:_identify(.) by extension 'python_setup_py'
[0.450s] Level 1:colcon.colcon_core.package_identification:_identify(build) by extensions ['ignore', 'ignore_ament_install']
[0.451s] Level 1:colcon.colcon_core.package_identification:_identify(build) by extension 'ignore'
[0.451s] Level 1:colcon.colcon_core.package_identification:_identify(build) ignored
[0.451s] Level 1:colcon.colcon_core.package_identification:_identify(install) by extensions ['ignore', 'ignore_ament_install']
[0.451s] Level 1:colcon.colcon_core.package_identification:_identify(install) by extension 'ignore'
[0.451s] Level 1:colcon.colcon_core.package_identification:_identify(install) ignored
[0.451s] Level 1:colcon.colcon_core.package_identification:_identify(log) by extensions ['ignore', 'ignore_ament_install']
[0.451s] Level 1:colcon.colcon_core.package_identification:_identify(log) by extension 'ignore'
[0.451s] Level 1:colcon.colcon_core.package_identification:_identify(log) ignored
[0.451s] Level 1:colcon.colcon_core.package_identification:_identify(src) by extensions ['ignore', 'ignore_ament_install']
[0.451s] Level 1:colcon.colcon_core.package_identification:_identify(src) by extension 'ignore'
[0.451s] Level 1:colcon.colcon_core.package_identification:_identify(src) by extension 'ignore_ament_install'
[0.451s] Level 1:colcon.colcon_core.package_identification:_identify(src) by extensions ['colcon_pkg']
[0.451s] Level 1:colcon.colcon_core.package_identification:_identify(src) by extension 'colcon_pkg'
[0.451s] Level 1:colcon.colcon_core.package_identification:_identify(src) by extensions ['colcon_meta']
[0.451s] Level 1:colcon.colcon_core.package_identification:_identify(src) by extension 'colcon_meta'
[0.451s] Level 1:colcon.colcon_core.package_identification:_identify(src) by extensions ['ros']
[0.451s] Level 1:colcon.colcon_core.package_identification:_identify(src) by extension 'ros'
[0.451s] Level 1:colcon.colcon_core.package_identification:_identify(src) by extensions ['cmake', 'python']
[0.451s] Level 1:colcon.colcon_core.package_identification:_identify(src) by extension 'cmake'
[0.451s] Level 1:colcon.colcon_core.package_identification:_identify(src) by extension 'python'
[0.451s] Level 1:colcon.colcon_core.package_identification:_identify(src) by extensions ['python_setup_py']
[0.451s] Level 1:colcon.colcon_core.package_identification:_identify(src) by extension 'python_setup_py'
[0.451s] Level 1:colcon.colcon_core.package_identification:_identify(src/Universal_Robots_ROS2_Gazebo_Simulation) by extensions ['ignore', 'ignore_ament_install']
[0.451s] Level 1:colcon.colcon_core.package_identification:_identify(src/Universal_Robots_ROS2_Gazebo_Simulation) by extension 'ignore'
[0.451s] Level 1:colcon.colcon_core.package_identification:_identify(src/Universal_Robots_ROS2_Gazebo_Simulation) by extension 'ignore_ament_install'
[0.452s] Level 1:colcon.colcon_core.package_identification:_identify(src/Universal_Robots_ROS2_Gazebo_Simulation) by extensions ['colcon_pkg']
[0.452s] Level 1:colcon.colcon_core.package_identification:_identify(src/Universal_Robots_ROS2_Gazebo_Simulation) by extension 'colcon_pkg'
[0.452s] Level 1:colcon.colcon_core.package_identification:_identify(src/Universal_Robots_ROS2_Gazebo_Simulation) by extensions ['colcon_meta']
[0.452s] Level 1:colcon.colcon_core.package_identification:_identify(src/Universal_Robots_ROS2_Gazebo_Simulation) by extension 'colcon_meta'
[0.452s] Level 1:colcon.colcon_core.package_identification:_identify(src/Universal_Robots_ROS2_Gazebo_Simulation) by extensions ['ros']
[0.452s] Level 1:colcon.colcon_core.package_identification:_identify(src/Universal_Robots_ROS2_Gazebo_Simulation) by extension 'ros'
[0.452s] Level 1:colcon.colcon_core.package_identification:_identify(src/Universal_Robots_ROS2_Gazebo_Simulation) by extensions ['cmake', 'python']
[0.452s] Level 1:colcon.colcon_core.package_identification:_identify(src/Universal_Robots_ROS2_Gazebo_Simulation) by extension 'cmake'
[0.452s] Level 1:colcon.colcon_core.package_identification:_identify(src/Universal_Robots_ROS2_Gazebo_Simulation) by extension 'python'
[0.452s] Level 1:colcon.colcon_core.package_identification:_identify(src/Universal_Robots_ROS2_Gazebo_Simulation) by extensions ['python_setup_py']
[0.452s] Level 1:colcon.colcon_core.package_identification:_identify(src/Universal_Robots_ROS2_Gazebo_Simulation) by extension 'python_setup_py'
[0.452s] Level 1:colcon.colcon_core.package_identification:_identify(src/Universal_Robots_ROS2_Gazebo_Simulation/ur_simulation_gazebo) by extensions ['ignore', 'ignore_ament_install']
[0.452s] Level 1:colcon.colcon_core.package_identification:_identify(src/Universal_Robots_ROS2_Gazebo_Simulation/ur_simulation_gazebo) by extension 'ignore'
[0.452s] Level 1:colcon.colcon_core.package_identification:_identify(src/Universal_Robots_ROS2_Gazebo_Simulation/ur_simulation_gazebo) by extension 'ignore_ament_install'
[0.452s] Level 1:colcon.colcon_core.package_identification:_identify(src/Universal_Robots_ROS2_Gazebo_Simulation/ur_simulation_gazebo) by extensions ['colcon_pkg']
[0.452s] Level 1:colcon.colcon_core.package_identification:_identify(src/Universal_Robots_ROS2_Gazebo_Simulation/ur_simulation_gazebo) by extension 'colcon_pkg'
[0.452s] Level 1:colcon.colcon_core.package_identification:_identify(src/Universal_Robots_ROS2_Gazebo_Simulation/ur_simulation_gazebo) by extensions ['colcon_meta']
[0.452s] Level 1:colcon.colcon_core.package_identification:_identify(src/Universal_Robots_ROS2_Gazebo_Simulation/ur_simulation_gazebo) by extension 'colcon_meta'
[0.452s] Level 1:colcon.colcon_core.package_identification:_identify(src/Universal_Robots_ROS2_Gazebo_Simulation/ur_simulation_gazebo) by extensions ['ros']
[0.452s] Level 1:colcon.colcon_core.package_identification:_identify(src/Universal_Robots_ROS2_Gazebo_Simulation/ur_simulation_gazebo) by extension 'ros'
[0.454s] DEBUG:colcon.colcon_core.package_identification:Package 'src/Universal_Robots_ROS2_Gazebo_Simulation/ur_simulation_gazebo' with type 'ros.ament_cmake' and name 'ur_simulation_gazebo'
[0.454s] Level 1:colcon.colcon_core.package_identification:_identify(src/teleop_arm) by extensions ['ignore', 'ignore_ament_install']
[0.454s] Level 1:colcon.colcon_core.package_identification:_identify(src/teleop_arm) by extension 'ignore'
[0.454s] Level 1:colcon.colcon_core.package_identification:_identify(src/teleop_arm) by extension 'ignore_ament_install'
[0.454s] Level 1:colcon.colcon_core.package_identification:_identify(src/teleop_arm) by extensions ['colcon_pkg']
[0.454s] Level 1:colcon.colcon_core.package_identification:_identify(src/teleop_arm) by extension 'colcon_pkg'
[0.454s] Level 1:colcon.colcon_core.package_identification:_identify(src/teleop_arm) by extensions ['colcon_meta']
[0.455s] Level 1:colcon.colcon_core.package_identification:_identify(src/teleop_arm) by extension 'colcon_meta'
[0.455s] Level 1:colcon.colcon_core.package_identification:_identify(src/teleop_arm) by extensions ['ros']
[0.455s] Level 1:colcon.colcon_core.package_identification:_identify(src/teleop_arm) by extension 'ros'
[0.455s] DEBUG:colcon.colcon_core.package_identification:Package 'src/teleop_arm' with type 'ros.ament_python' and name 'teleop_arm'
[0.455s] Level 1:colcon.colcon_core.package_discovery:discover_packages(recursive) using defaults
[0.455s] Level 1:colcon.colcon_core.package_discovery:discover_packages(ignore) discover
[0.455s] Level 1:colcon.colcon_core.package_discovery:discover_packages(ignore) using defaults
[0.455s] Level 1:colcon.colcon_core.package_discovery:discover_packages(path) discover
[0.455s] Level 1:colcon.colcon_core.package_discovery:discover_packages(path) using defaults
[0.472s] Level 1:colcon.colcon_core.package_discovery:discover_packages(prefix_path) check parameters
[0.472s] Level 1:colcon.colcon_core.package_discovery:discover_packages(prefix_path) discover
[0.473s] DEBUG:colcon.colcon_installed_package_information.package_discovery:Found 2 installed packages in /home/yash_linux/teleop_ws/install
[0.475s] DEBUG:colcon.colcon_installed_package_information.package_discovery:Found 489 installed packages in /opt/ros/humble
[0.477s] Level 1:colcon.colcon_core.package_discovery:discover_packages(prefix_path) using defaults
[0.517s] Level 5:colcon.colcon_core.verb:set package 'teleop_arm' build argument 'cmake_args' from command line to 'None'
[0.517s] Level 5:colcon.colcon_core.verb:set package 'teleop_arm' build argument 'cmake_target' from command line to 'None'
[0.517s] Level 5:colcon.colcon_core.verb:set package 'teleop_arm' build argument 'cmake_target_skip_unavailable' from command line to 'False'
[0.517s] Level 5:colcon.colcon_core.verb:set package 'teleop_arm' build argument 'cmake_clean_cache' from command line to 'False'
[0.517s] Level 5:colcon.colcon_core.verb:set package 'teleop_arm' build argument 'cmake_clean_first' from command line to 'False'
[0.517s] Level 5:colcon.colcon_core.verb:set package 'teleop_arm' build argument 'cmake_force_configure' from command line to 'False'
[0.517s] Level 5:colcon.colcon_core.verb:set package 'teleop_arm' build argument 'ament_cmake_args' from command line to 'None'
[0.517s] Level 5:colcon.colcon_core.verb:set package 'teleop_arm' build argument 'catkin_cmake_args' from command line to 'None'
[0.517s] Level 5:colcon.colcon_core.verb:set package 'teleop_arm' build argument 'catkin_skip_building_tests' from command line to 'False'
[0.517s] DEBUG:colcon.colcon_core.verb:Building package 'teleop_arm' with the following arguments: {'ament_cmake_args': None, 'build_base': '/home/yash_linux/teleop_ws/build/teleop_arm', 'catkin_cmake_args': None, 'catkin_skip_building_tests': False, 'cmake_args': None, 'cmake_clean_cache': False, 'cmake_clean_first': False, 'cmake_force_configure': False, 'cmake_target': None, 'cmake_target_skip_unavailable': False, 'install_base': '/home/yash_linux/teleop_ws/install/teleop_arm', 'merge_install': False, 'path': '/home/yash_linux/teleop_ws/src/teleop_arm', 'symlink_install': False, 'test_result_base': None}
[0.517s] Level 5:colcon.colcon_core.verb:set package 'ur_simulation_gazebo' build argument 'cmake_args' from command line to 'None'
[0.517s] Level 5:colcon.colcon_core.verb:set package 'ur_simulation_gazebo' build argument 'cmake_target' from command line to 'None'
[0.517s] Level 5:colcon.colcon_core.verb:set package 'ur_simulation_gazebo' build argument 'cmake_target_skip_unavailable' from command line to 'False'
[0.517s] Level 5:colcon.colcon_core.verb:set package 'ur_simulation_gazebo' build argument 'cmake_clean_cache' from command line to 'False'
[0.517s] Level 5:colcon.colcon_core.verb:set package 'ur_simulation_gazebo' build argument 'cmake_clean_first' from command line to 'False'
[0.517s] Level 5:colcon.colcon_core.verb:set package 'ur_simulation_gazebo' build argument 'cmake_force_configure' from command line to 'False'
[0.517s] Level 5:colcon.colcon_core.verb:set package 'ur_simulation_gazebo' build argument 'ament_cmake_args' from command line to 'None'
[0.517s] Level 5:colcon.colcon_core.verb:set package 'ur_simulation_gazebo' build argument 'catkin_cmake_args' from command line to 'None'
[0.517s] Level 5:colcon.colcon_core.verb:set package 'ur_simulation_gazebo' build argument 'catkin_skip_building_tests' from command line to 'False'
[0.517s] DEBUG:colcon.colcon_core.verb:Building package 'ur_simulation_gazebo' with the following arguments: {'ament_cmake_args': None, 'build_base': '/home/yash_linux/teleop_ws/build/ur_simulation_gazebo', 'catkin_cmake_args': None, 'catkin_skip_building_tests': False, 'cmake_args': None, 'cmake_clean_cache': False, 'cmake_clean_first': False, 'cmake_force_configure': False, 'cmake_target': None, 'cmake_target_skip_unavailable': False, 'install_base': '/home/yash_linux/teleop_ws/install/ur_simulation_gazebo', 'merge_install': False, 'path': '/home/yash_linux/teleop_ws/src/Universal_Robots_ROS2_Gazebo_Simulation/ur_simulation_gazebo', 'symlink_install': False, 'test_result_base': None}
[0.517s] INFO:colcon.colcon_core.executor:Executing jobs using 'parallel' executor
[0.518s] DEBUG:colcon.colcon_parallel_executor.executor.parallel:run_until_complete
[0.519s] INFO:colcon.colcon_ros.task.ament_python.build:Building ROS package in '/home/yash_linux/teleop_ws/src/teleop_arm' with build type 'ament_python'
[0.519s] Level 1:colcon.colcon_core.shell:create_environment_hook('teleop_arm', 'ament_prefix_path')
[0.521s] INFO:colcon.colcon_core.plugin_system:Skipping extension 'colcon_core.shell.bat': Not used on non-Windows systems
[0.521s] INFO:colcon.colcon_core.shell:Creating environment hook '/home/yash_linux/teleop_ws/install/teleop_arm/share/teleop_arm/hook/ament_prefix_path.ps1'
[0.522s] INFO:colcon.colcon_core.shell:Creating environment descriptor '/home/yash_linux/teleop_ws/install/teleop_arm/share/teleop_arm/hook/ament_prefix_path.dsv'
[0.522s] INFO:colcon.colcon_core.shell:Creating environment hook '/home/yash_linux/teleop_ws/install/teleop_arm/share/teleop_arm/hook/ament_prefix_path.sh'
[0.523s] INFO:colcon.colcon_core.shell:Skip shell extension 'powershell' for command environment: Not usable outside of PowerShell
[0.523s] DEBUG:colcon.colcon_core.shell:Skip shell extension 'dsv' for command environment
[0.527s] INFO:colcon.colcon_ros.task.ament_cmake.build:Building ROS package in '/home/yash_linux/teleop_ws/src/Universal_Robots_ROS2_Gazebo_Simulation/ur_simulation_gazebo' with build type 'ament_cmake'
[0.527s] INFO:colcon.colcon_cmake.task.cmake.build:Building CMake package in '/home/yash_linux/teleop_ws/src/Universal_Robots_ROS2_Gazebo_Simulation/ur_simulation_gazebo'
[0.527s] INFO:colcon.colcon_core.shell:Skip shell extension 'powershell' for command environment: Not usable outside of PowerShell
[0.527s] DEBUG:colcon.colcon_core.shell:Skip shell extension 'dsv' for command environment
[0.700s] WARNING:colcon.colcon_ros.task.ament_python.build:Package 'teleop_arm' doesn't explicitly install a marker in the package index (colcon-ros currently does it implicitly but that fallback will be removed in the future)
[0.700s] INFO:colcon.colcon_core.task.python.build:Building Python package in '/home/yash_linux/teleop_ws/src/teleop_arm'
[0.701s] INFO:colcon.colcon_core.shell:Skip shell extension 'powershell' for command environment: Not usable outside of PowerShell
[0.701s] DEBUG:colcon.colcon_core.shell:Skip shell extension 'dsv' for command environment
[0.710s] DEBUG:colcon.colcon_core.event_handler.log_command:Invoking command in '/home/yash_linux/teleop_ws/build/ur_simulation_gazebo': CMAKE_PREFIX_PATH=${CMAKE_PREFIX_PATH}:/home/yash_linux/teleop_ws/install/teleop_arm:/opt/ros/humble /usr/bin/cmake --build /home/yash_linux/teleop_ws/build/ur_simulation_gazebo -- -j20 -l20
[0.742s] DEBUG:colcon.colcon_core.event_handler.log_command:Invoked command in '/home/yash_linux/teleop_ws/build/ur_simulation_gazebo' returned '0': CMAKE_PREFIX_PATH=${CMAKE_PREFIX_PATH}:/home/yash_linux/teleop_ws/install/teleop_arm:/opt/ros/humble /usr/bin/cmake --build /home/yash_linux/teleop_ws/build/ur_simulation_gazebo -- -j20 -l20
[0.750s] DEBUG:colcon.colcon_core.event_handler.log_command:Invoking command in '/home/yash_linux/teleop_ws/build/ur_simulation_gazebo': CMAKE_PREFIX_PATH=${CMAKE_PREFIX_PATH}:/home/yash_linux/teleop_ws/install/teleop_arm:/opt/ros/humble /usr/bin/cmake --install /home/yash_linux/teleop_ws/build/ur_simulation_gazebo
[0.759s] Level 1:colcon.colcon_core.environment:create_environment_scripts_only(ur_simulation_gazebo)
[0.760s] DEBUG:colcon.colcon_core.event_handler.log_command:Invoked command in '/home/yash_linux/teleop_ws/build/ur_simulation_gazebo' returned '0': CMAKE_PREFIX_PATH=${CMAKE_PREFIX_PATH}:/home/yash_linux/teleop_ws/install/teleop_arm:/opt/ros/humble /usr/bin/cmake --install /home/yash_linux/teleop_ws/build/ur_simulation_gazebo
[0.769s] Level 1:colcon.colcon_core.environment:checking '/home/yash_linux/teleop_ws/install/ur_simulation_gazebo' for CMake module files
[0.769s] Level 1:colcon.colcon_core.environment:checking '/home/yash_linux/teleop_ws/install/ur_simulation_gazebo' for CMake config files
[0.769s] Level 1:colcon.colcon_core.shell:create_environment_hook('ur_simulation_gazebo', 'cmake_prefix_path')
[0.769s] INFO:colcon.colcon_core.shell:Creating environment hook '/home/yash_linux/teleop_ws/install/ur_simulation_gazebo/share/ur_simulation_gazebo/hook/cmake_prefix_path.ps1'
[0.770s] INFO:colcon.colcon_core.shell:Creating environment descriptor '/home/yash_linux/teleop_ws/install/ur_simulation_gazebo/share/ur_simulation_gazebo/hook/cmake_prefix_path.dsv'
[0.770s] INFO:colcon.colcon_core.shell:Creating environment hook '/home/yash_linux/teleop_ws/install/ur_simulation_gazebo/share/ur_simulation_gazebo/hook/cmake_prefix_path.sh'
[0.771s] Level 1:colcon.colcon_core.environment:checking '/home/yash_linux/teleop_ws/install/ur_simulation_gazebo/bin'
[0.771s] Level 1:colcon.colcon_core.environment:checking '/home/yash_linux/teleop_ws/install/ur_simulation_gazebo/lib/pkgconfig/ur_simulation_gazebo.pc'
[0.771s] Level 1:colcon.colcon_core.environment:checking '/home/yash_linux/teleop_ws/install/ur_simulation_gazebo/lib/python3.10/site-packages'
[0.771s] Level 1:colcon.colcon_core.environment:checking '/home/yash_linux/teleop_ws/install/ur_simulation_gazebo/bin'
[0.771s] INFO:colcon.colcon_core.shell:Creating package script '/home/yash_linux/teleop_ws/install/ur_simulation_gazebo/share/ur_simulation_gazebo/package.ps1'
[0.772s] INFO:colcon.colcon_core.shell:Creating package descriptor '/home/yash_linux/teleop_ws/install/ur_simulation_gazebo/share/ur_simulation_gazebo/package.dsv'
[0.772s] INFO:colcon.colcon_core.shell:Creating package script '/home/yash_linux/teleop_ws/install/ur_simulation_gazebo/share/ur_simulation_gazebo/package.sh'
[0.773s] INFO:colcon.colcon_core.shell:Creating package script '/home/yash_linux/teleop_ws/install/ur_simulation_gazebo/share/ur_simulation_gazebo/package.bash'
[0.774s] INFO:colcon.colcon_core.shell:Creating package script '/home/yash_linux/teleop_ws/install/ur_simulation_gazebo/share/ur_simulation_gazebo/package.zsh'
[0.774s] Level 1:colcon.colcon_core.environment:create_file_with_runtime_dependencies(/home/yash_linux/teleop_ws/install/ur_simulation_gazebo/share/colcon-core/packages/ur_simulation_gazebo)
[0.774s] Level 1:colcon.colcon_core.environment:create_environment_scripts_only(ur_simulation_gazebo)
[0.775s] Level 1:colcon.colcon_core.environment:checking '/home/yash_linux/teleop_ws/install/ur_simulation_gazebo' for CMake module files
[0.775s] Level 1:colcon.colcon_core.environment:checking '/home/yash_linux/teleop_ws/install/ur_simulation_gazebo' for CMake config files
[0.775s] Level 1:colcon.colcon_core.shell:create_environment_hook('ur_simulation_gazebo', 'cmake_prefix_path')
[0.775s] INFO:colcon.colcon_core.shell:Creating environment hook '/home/yash_linux/teleop_ws/install/ur_simulation_gazebo/share/ur_simulation_gazebo/hook/cmake_prefix_path.ps1'
[0.775s] INFO:colcon.colcon_core.shell:Creating environment descriptor '/home/yash_linux/teleop_ws/install/ur_simulation_gazebo/share/ur_simulation_gazebo/hook/cmake_prefix_path.dsv'
[0.776s] INFO:colcon.colcon_core.shell:Creating environment hook '/home/yash_linux/teleop_ws/install/ur_simulation_gazebo/share/ur_simulation_gazebo/hook/cmake_prefix_path.sh'
[0.776s] Level 1:colcon.colcon_core.environment:checking '/home/yash_linux/teleop_ws/install/ur_simulation_gazebo/bin'
[0.776s] Level 1:colcon.colcon_core.environment:checking '/home/yash_linux/teleop_ws/install/ur_simulation_gazebo/lib/pkgconfig/ur_simulation_gazebo.pc'
[0.776s] Level 1:colcon.colcon_core.environment:checking '/home/yash_linux/teleop_ws/install/ur_simulation_gazebo/lib/python3.10/site-packages'
[0.776s] Level 1:colcon.colcon_core.environment:checking '/home/yash_linux/teleop_ws/install/ur_simulation_gazebo/bin'
[0.777s] INFO:colcon.colcon_core.shell:Creating package script '/home/yash_linux/teleop_ws/install/ur_simulation_gazebo/share/ur_simulation_gazebo/package.ps1'
[0.777s] INFO:colcon.colcon_core.shell:Creating package descriptor '/home/yash_linux/teleop_ws/install/ur_simulation_gazebo/share/ur_simulation_gazebo/package.dsv'
[0.778s] INFO:colcon.colcon_core.shell:Creating package script '/home/yash_linux/teleop_ws/install/ur_simulation_gazebo/share/ur_simulation_gazebo/package.sh'
[0.778s] INFO:colcon.colcon_core.shell:Creating package script '/home/yash_linux/teleop_ws/install/ur_simulation_gazebo/share/ur_simulation_gazebo/package.bash'
[0.778s] INFO:colcon.colcon_core.shell:Creating package script '/home/yash_linux/teleop_ws/install/ur_simulation_gazebo/share/ur_simulation_gazebo/package.zsh'
[0.778s] Level 1:colcon.colcon_core.environment:create_file_with_runtime_dependencies(/home/yash_linux/teleop_ws/install/ur_simulation_gazebo/share/colcon-core/packages/ur_simulation_gazebo)
[1.130s] DEBUG:colcon.colcon_core.event_handler.log_command:Invoking command in '/home/yash_linux/teleop_ws/src/teleop_arm': PYTHONPATH=/home/yash_linux/teleop_ws/build/teleop_arm/prefix_override:/usr/lib/python3/dist-packages/colcon_core/task/python/colcon_distutils_commands:/home/yash_linux/teleop_ws/install/teleop_arm/lib/python3.10/site-packages:${PYTHONPATH} /usr/bin/python3 -W ignore:setup.py install is deprecated -W ignore:easy_install command is deprecated setup.py egg_info --egg-base ../../build/teleop_arm build --build-base /home/yash_linux/teleop_ws/build/teleop_arm/build install --record /home/yash_linux/teleop_ws/build/teleop_arm/install.log --single-version-externally-managed install_data
[1.515s] Level 1:colcon.colcon_core.environment:checking '/home/yash_linux/teleop_ws/install/teleop_arm' for CMake module files
[1.516s] DEBUG:colcon.colcon_core.event_handler.log_command:Invoked command in '/home/yash_linux/teleop_ws/src/teleop_arm' returned '0': PYTHONPATH=/home/yash_linux/teleop_ws/build/teleop_arm/prefix_override:/usr/lib/python3/dist-packages/colcon_core/task/python/colcon_distutils_commands:/home/yash_linux/teleop_ws/install/teleop_arm/lib/python3.10/site-packages:${PYTHONPATH} /usr/bin/python3 -W ignore:setup.py install is deprecated -W ignore:easy_install command is deprecated setup.py egg_info --egg-base ../../build/teleop_arm build --build-base /home/yash_linux/teleop_ws/build/teleop_arm/build install --record /home/yash_linux/teleop_ws/build/teleop_arm/install.log --single-version-externally-managed install_data
[1.516s] Level 1:colcon.colcon_core.environment:checking '/home/yash_linux/teleop_ws/install/teleop_arm' for CMake config files
[1.517s] Level 1:colcon.colcon_core.environment:checking '/home/yash_linux/teleop_ws/install/teleop_arm/lib'
[1.517s] Level 1:colcon.colcon_core.environment:checking '/home/yash_linux/teleop_ws/install/teleop_arm/bin'
[1.517s] Level 1:colcon.colcon_core.environment:checking '/home/yash_linux/teleop_ws/install/teleop_arm/lib/pkgconfig/teleop_arm.pc'
[1.517s] Level 1:colcon.colcon_core.environment:checking '/home/yash_linux/teleop_ws/install/teleop_arm/lib/python3.10/site-packages'
[1.517s] Level 1:colcon.colcon_core.shell:create_environment_hook('teleop_arm', 'pythonpath')
[1.517s] INFO:colcon.colcon_core.shell:Creating environment hook '/home/yash_linux/teleop_ws/install/teleop_arm/share/teleop_arm/hook/pythonpath.ps1'
[1.518s] INFO:colcon.colcon_core.shell:Creating environment descriptor '/home/yash_linux/teleop_ws/install/teleop_arm/share/teleop_arm/hook/pythonpath.dsv'
[1.518s] INFO:colcon.colcon_core.shell:Creating environment hook '/home/yash_linux/teleop_ws/install/teleop_arm/share/teleop_arm/hook/pythonpath.sh'
[1.518s] Level 1:colcon.colcon_core.environment:checking '/home/yash_linux/teleop_ws/install/teleop_arm/bin'
[1.519s] Level 1:colcon.colcon_core.environment:create_environment_scripts_only(teleop_arm)
[1.519s] INFO:colcon.colcon_core.shell:Creating package script '/home/yash_linux/teleop_ws/install/teleop_arm/share/teleop_arm/package.ps1'
[1.519s] INFO:colcon.colcon_core.shell:Creating package descriptor '/home/yash_linux/teleop_ws/install/teleop_arm/share/teleop_arm/package.dsv'
[1.520s] INFO:colcon.colcon_core.shell:Creating package script '/home/yash_linux/teleop_ws/install/teleop_arm/share/teleop_arm/package.sh'
[1.520s] INFO:colcon.colcon_core.shell:Creating package script '/home/yash_linux/teleop_ws/install/teleop_arm/share/teleop_arm/package.bash'
[1.520s] INFO:colcon.colcon_core.shell:Creating package script '/home/yash_linux/teleop_ws/install/teleop_arm/share/teleop_arm/package.zsh'
[1.521s] Level 1:colcon.colcon_core.environment:create_file_with_runtime_dependencies(/home/yash_linux/teleop_ws/install/teleop_arm/share/colcon-core/packages/teleop_arm)
[1.522s] DEBUG:colcon.colcon_parallel_executor.executor.parallel:closing loop
[1.524s] DEBUG:colcon.colcon_parallel_executor.executor.parallel:loop closed
[1.524s] DEBUG:colcon.colcon_parallel_executor.executor.parallel:run_until_complete finished with '0'
[1.524s] DEBUG:colcon.colcon_core.event_reactor:joining thread
[1.707s] INFO:colcon.colcon_core.plugin_system:Skipping extension 'colcon_notification.desktop_notification.notify_send': Could not find 'notify-send'
[1.708s] INFO:colcon.colcon_core.plugin_system:Skipping extension 'colcon_notification.desktop_notification.terminal_notifier': Not used on non-Darwin systems
[1.708s] INFO:colcon.colcon_core.plugin_system:Skipping extension 'colcon_notification.desktop_notification.win32': Not used on non-Windows systems
[1.708s] INFO:colcon.colcon_notification.desktop_notification:Sending desktop notification using 'notify2'
[1.709s] DEBUG:colcon.colcon_notification.desktop_notification.notify2:Failed to initialize notify2: org.freedesktop.DBus.Error.ServiceUnknown: The name org.freedesktop.Notifications was not provided by any .service files
[1.709s] DEBUG:colcon.colcon_core.event_reactor:joined thread
[1.710s] INFO:colcon.colcon_core.shell:Creating prefix script '/home/yash_linux/teleop_ws/install/local_setup.ps1'
[1.711s] INFO:colcon.colcon_core.shell:Creating prefix util module '/home/yash_linux/teleop_ws/install/_local_setup_util_ps1.py'
[1.712s] INFO:colcon.colcon_core.shell:Creating prefix chain script '/home/yash_linux/teleop_ws/install/setup.ps1'
[1.714s] INFO:colcon.colcon_core.shell:Creating prefix script '/home/yash_linux/teleop_ws/install/local_setup.sh'
[1.715s] INFO:colcon.colcon_core.shell:Creating prefix util module '/home/yash_linux/teleop_ws/install/_local_setup_util_sh.py'
[1.716s] INFO:colcon.colcon_core.shell:Creating prefix chain script '/home/yash_linux/teleop_ws/install/setup.sh'
[1.717s] INFO:colcon.colcon_core.shell:Creating prefix script '/home/yash_linux/teleop_ws/install/local_setup.bash'
[1.718s] INFO:colcon.colcon_core.shell:Creating prefix chain script '/home/yash_linux/teleop_ws/install/setup.bash'
[1.720s] INFO:colcon.colcon_core.shell:Creating prefix script '/home/yash_linux/teleop_ws/install/local_setup.zsh'
[1.721s] INFO:colcon.colcon_core.shell:Creating prefix chain script '/home/yash_linux/teleop_ws/install/setup.zsh'
