[0.700s] Invoking command in '/home/yash_linux/teleop_ws/src/teleop_arm': PYTHONPATH=/home/yash_linux/teleop_ws/build/teleop_arm/prefix_override:/usr/lib/python3/dist-packages/colcon_core/task/python/colcon_distutils_commands:/home/yash_linux/teleop_ws/install/teleop_arm/lib/python3.10/site-packages:${PYTHONPATH} /usr/bin/python3 -W ignore:setup.py install is deprecated -W ignore:easy_install command is deprecated setup.py egg_info --egg-base ../../build/teleop_arm build --build-base /home/yash_linux/teleop_ws/build/teleop_arm/build install --record /home/yash_linux/teleop_ws/build/teleop_arm/install.log --single-version-externally-managed install_data
[0.877s] running egg_info
[0.891s] writing ../../build/teleop_arm/teleop_arm.egg-info/PKG-INFO
[0.891s] writing dependency_links to ../../build/teleop_arm/teleop_arm.egg-info/dependency_links.txt
[0.891s] writing entry points to ../../build/teleop_arm/teleop_arm.egg-info/entry_points.txt
[0.892s] writing requirements to ../../build/teleop_arm/teleop_arm.egg-info/requires.txt
[0.892s] writing top-level names to ../../build/teleop_arm/teleop_arm.egg-info/top_level.txt
[0.925s] reading manifest file '../../build/teleop_arm/teleop_arm.egg-info/SOURCES.txt'
[0.926s] writing manifest file '../../build/teleop_arm/teleop_arm.egg-info/SOURCES.txt'
[0.926s] running build
[0.926s] running build_py
[0.927s] running install
[0.931s] running install_lib
[0.942s] running install_data
[0.942s] running install_egg_info
[0.953s] removing '/home/yash_linux/teleop_ws/install/teleop_arm/lib/python3.10/site-packages/teleop_arm-0.0.0-py3.10.egg-info' (and everything under it)
[0.954s] Copying ../../build/teleop_arm/teleop_arm.egg-info to /home/yash_linux/teleop_ws/install/teleop_arm/lib/python3.10/site-packages/teleop_arm-0.0.0-py3.10.egg-info
[0.955s] running install_scripts
[1.076s] Installing keyboard_teleop script to /home/yash_linux/teleop_ws/install/teleop_arm/lib/teleop_arm
[1.076s] writing list of installed files to '/home/yash_linux/teleop_ws/build/teleop_arm/install.log'
[1.099s] Invoked command in '/home/yash_linux/teleop_ws/src/teleop_arm' returned '0': PYTHONPATH=/home/yash_linux/teleop_ws/build/teleop_arm/prefix_override:/usr/lib/python3/dist-packages/colcon_core/task/python/colcon_distutils_commands:/home/yash_linux/teleop_ws/install/teleop_arm/lib/python3.10/site-packages:${PYTHONPATH} /usr/bin/python3 -W ignore:setup.py install is deprecated -W ignore:easy_install command is deprecated setup.py egg_info --egg-base ../../build/teleop_arm build --build-base /home/yash_linux/teleop_ws/build/teleop_arm/build install --record /home/yash_linux/teleop_ws/build/teleop_arm/install.log --single-version-externally-managed install_data
