running egg_info
creating ../../build/teleop_arm/teleop_arm.egg-info
writing ../../build/teleop_arm/teleop_arm.egg-info/PKG-INFO
writing dependency_links to ../../build/teleop_arm/teleop_arm.egg-info/dependency_links.txt
writing entry points to ../../build/teleop_arm/teleop_arm.egg-info/entry_points.txt
writing requirements to ../../build/teleop_arm/teleop_arm.egg-info/requires.txt
writing top-level names to ../../build/teleop_arm/teleop_arm.egg-info/top_level.txt
writing manifest file '../../build/teleop_arm/teleop_arm.egg-info/SOURCES.txt'
reading manifest file '../../build/teleop_arm/teleop_arm.egg-info/SOURCES.txt'
writing manifest file '../../build/teleop_arm/teleop_arm.egg-info/SOURCES.txt'
running build
running build_py
creating /home/yash_linux/teleop_ws/build/teleop_arm/build
creating /home/yash_linux/teleop_ws/build/teleop_arm/build/lib
creating /home/yash_linux/teleop_ws/build/teleop_arm/build/lib/teleop_arm
copying teleop_arm/joint_controller.py -> /home/yash_linux/teleop_ws/build/teleop_arm/build/lib/teleop_arm
copying teleop_arm/keyboard_teleop.py -> /home/yash_linux/teleop_ws/build/teleop_arm/build/lib/teleop_arm
copying teleop_arm/__init__.py -> /home/yash_linux/teleop_ws/build/teleop_arm/build/lib/teleop_arm
running install
running install_lib
creating /home/yash_linux/teleop_ws/install/teleop_arm/lib/python3.10/site-packages/teleop_arm
copying /home/yash_linux/teleop_ws/build/teleop_arm/build/lib/teleop_arm/joint_controller.py -> /home/yash_linux/teleop_ws/install/teleop_arm/lib/python3.10/site-packages/teleop_arm
copying /home/yash_linux/teleop_ws/build/teleop_arm/build/lib/teleop_arm/keyboard_teleop.py -> /home/yash_linux/teleop_ws/install/teleop_arm/lib/python3.10/site-packages/teleop_arm
copying /home/yash_linux/teleop_ws/build/teleop_arm/build/lib/teleop_arm/__init__.py -> /home/yash_linux/teleop_ws/install/teleop_arm/lib/python3.10/site-packages/teleop_arm
byte-compiling /home/yash_linux/teleop_ws/install/teleop_arm/lib/python3.10/site-packages/teleop_arm/joint_controller.py to joint_controller.cpython-310.pyc
byte-compiling /home/yash_linux/teleop_ws/install/teleop_arm/lib/python3.10/site-packages/teleop_arm/keyboard_teleop.py to keyboard_teleop.cpython-310.pyc
byte-compiling /home/yash_linux/teleop_ws/install/teleop_arm/lib/python3.10/site-packages/teleop_arm/__init__.py to __init__.cpython-310.pyc
running install_data
copying package.xml -> /home/yash_linux/teleop_ws/install/teleop_arm/share/teleop_arm
running install_egg_info
Copying ../../build/teleop_arm/teleop_arm.egg-info to /home/yash_linux/teleop_ws/install/teleop_arm/lib/python3.10/site-packages/teleop_arm-0.0.0-py3.10.egg-info
running install_scripts
Installing joint_controller script to /home/yash_linux/teleop_ws/install/teleop_arm/lib/teleop_arm
Installing keyboard_teleop script to /home/yash_linux/teleop_ws/install/teleop_arm/lib/teleop_arm
writing list of installed files to '/home/yash_linux/teleop_ws/build/teleop_arm/install.log'
