[0.774s] Invoking command in '/home/yash_linux/teleop_ws/src/teleop_arm': PYTHONPATH=/home/yash_linux/teleop_ws/build/teleop_arm/prefix_override:/usr/lib/python3/dist-packages/colcon_core/task/python/colcon_distutils_commands:/home/yash_linux/teleop_ws/install/teleop_arm/lib/python3.10/site-packages:${PYTHONPATH} /usr/bin/python3 -W ignore:setup.py install is deprecated -W ignore:easy_install command is deprecated setup.py egg_info --egg-base ../../build/teleop_arm build --build-base /home/yash_linux/teleop_ws/build/teleop_arm/build install --record /home/yash_linux/teleop_ws/build/teleop_arm/install.log --single-version-externally-managed install_data
[1.031s] running egg_info
[1.031s] creating ../../build/teleop_arm/teleop_arm.egg-info
[1.043s] writing ../../build/teleop_arm/teleop_arm.egg-info/PKG-INFO
[1.044s] writing dependency_links to ../../build/teleop_arm/teleop_arm.egg-info/dependency_links.txt
[1.044s] writing entry points to ../../build/teleop_arm/teleop_arm.egg-info/entry_points.txt
[1.044s] writing requirements to ../../build/teleop_arm/teleop_arm.egg-info/requires.txt
[1.044s] writing top-level names to ../../build/teleop_arm/teleop_arm.egg-info/top_level.txt
[1.044s] writing manifest file '../../build/teleop_arm/teleop_arm.egg-info/SOURCES.txt'
[1.068s] reading manifest file '../../build/teleop_arm/teleop_arm.egg-info/SOURCES.txt'
[1.068s] writing manifest file '../../build/teleop_arm/teleop_arm.egg-info/SOURCES.txt'
[1.068s] running build
[1.069s] running build_py
[1.069s] creating /home/yash_linux/teleop_ws/build/teleop_arm/build
[1.069s] creating /home/yash_linux/teleop_ws/build/teleop_arm/build/lib
[1.069s] creating /home/yash_linux/teleop_ws/build/teleop_arm/build/lib/teleop_arm
[1.069s] copying teleop_arm/joint_controller.py -> /home/yash_linux/teleop_ws/build/teleop_arm/build/lib/teleop_arm
[1.070s] copying teleop_arm/keyboard_teleop.py -> /home/yash_linux/teleop_ws/build/teleop_arm/build/lib/teleop_arm
[1.070s] copying teleop_arm/__init__.py -> /home/yash_linux/teleop_ws/build/teleop_arm/build/lib/teleop_arm
[1.070s] running install
[1.075s] running install_lib
[1.087s] creating /home/yash_linux/teleop_ws/install/teleop_arm/lib/python3.10/site-packages/teleop_arm
[1.087s] copying /home/yash_linux/teleop_ws/build/teleop_arm/build/lib/teleop_arm/joint_controller.py -> /home/yash_linux/teleop_ws/install/teleop_arm/lib/python3.10/site-packages/teleop_arm
[1.088s] copying /home/yash_linux/teleop_ws/build/teleop_arm/build/lib/teleop_arm/keyboard_teleop.py -> /home/yash_linux/teleop_ws/install/teleop_arm/lib/python3.10/site-packages/teleop_arm
[1.088s] copying /home/yash_linux/teleop_ws/build/teleop_arm/build/lib/teleop_arm/__init__.py -> /home/yash_linux/teleop_ws/install/teleop_arm/lib/python3.10/site-packages/teleop_arm
[1.088s] byte-compiling /home/yash_linux/teleop_ws/install/teleop_arm/lib/python3.10/site-packages/teleop_arm/joint_controller.py to joint_controller.cpython-310.pyc
[1.089s] byte-compiling /home/yash_linux/teleop_ws/install/teleop_arm/lib/python3.10/site-packages/teleop_arm/keyboard_teleop.py to keyboard_teleop.cpython-310.pyc
[1.089s] byte-compiling /home/yash_linux/teleop_ws/install/teleop_arm/lib/python3.10/site-packages/teleop_arm/__init__.py to __init__.cpython-310.pyc
[1.089s] running install_data
[1.090s] copying package.xml -> /home/yash_linux/teleop_ws/install/teleop_arm/share/teleop_arm
[1.090s] running install_egg_info
[1.103s] Copying ../../build/teleop_arm/teleop_arm.egg-info to /home/yash_linux/teleop_ws/install/teleop_arm/lib/python3.10/site-packages/teleop_arm-0.0.0-py3.10.egg-info
[1.103s] running install_scripts
[1.241s] Installing joint_controller script to /home/yash_linux/teleop_ws/install/teleop_arm/lib/teleop_arm
[1.241s] Installing keyboard_teleop script to /home/yash_linux/teleop_ws/install/teleop_arm/lib/teleop_arm
[1.242s] writing list of installed files to '/home/yash_linux/teleop_ws/build/teleop_arm/install.log'
[1.267s] Invoked command in '/home/yash_linux/teleop_ws/src/teleop_arm' returned '0': PYTHONPATH=/home/yash_linux/teleop_ws/build/teleop_arm/prefix_override:/usr/lib/python3/dist-packages/colcon_core/task/python/colcon_distutils_commands:/home/yash_linux/teleop_ws/install/teleop_arm/lib/python3.10/site-packages:${PYTHONPATH} /usr/bin/python3 -W ignore:setup.py install is deprecated -W ignore:easy_install command is deprecated setup.py egg_info --egg-base ../../build/teleop_arm build --build-base /home/yash_linux/teleop_ws/build/teleop_arm/build install --record /home/yash_linux/teleop_ws/build/teleop_arm/install.log --single-version-externally-managed install_data
