[0.726s] Invoking command in '/home/yash_linux/teleop_ws/src/teleop_arm': PYTHONPATH=/home/yash_linux/teleop_ws/build/teleop_arm/prefix_override:/usr/lib/python3/dist-packages/colcon_core/task/python/colcon_distutils_commands:/home/yash_linux/teleop_ws/install/teleop_arm/lib/python3.10/site-packages:${PYTHONPATH} /usr/bin/python3 -W ignore:setup.py install is deprecated -W ignore:easy_install command is deprecated setup.py egg_info --egg-base ../../build/teleop_arm build --build-base /home/yash_linux/teleop_ws/build/teleop_arm/build install --record /home/yash_linux/teleop_ws/build/teleop_arm/install.log --single-version-externally-managed install_data
[0.949s] running egg_info
[0.960s] writing ../../build/teleop_arm/teleop_arm.egg-info/PKG-INFO
[0.961s] writing dependency_links to ../../build/teleop_arm/teleop_arm.egg-info/dependency_links.txt
[0.961s] writing entry points to ../../build/teleop_arm/teleop_arm.egg-info/entry_points.txt
[0.961s] writing requirements to ../../build/teleop_arm/teleop_arm.egg-info/requires.txt
[0.962s] writing top-level names to ../../build/teleop_arm/teleop_arm.egg-info/top_level.txt
[0.985s] reading manifest file '../../build/teleop_arm/teleop_arm.egg-info/SOURCES.txt'
[0.986s] writing manifest file '../../build/teleop_arm/teleop_arm.egg-info/SOURCES.txt'
[0.986s] running build
[0.986s] running build_py
[0.987s] copying teleop_arm/keyboard_teleop.py -> /home/yash_linux/teleop_ws/build/teleop_arm/build/lib/teleop_arm
[0.987s] running install
[0.992s] running install_lib
[1.004s] copying /home/yash_linux/teleop_ws/build/teleop_arm/build/lib/teleop_arm/keyboard_teleop.py -> /home/yash_linux/teleop_ws/install/teleop_arm/lib/python3.10/site-packages/teleop_arm
[1.004s] byte-compiling /home/yash_linux/teleop_ws/install/teleop_arm/lib/python3.10/site-packages/teleop_arm/keyboard_teleop.py to keyboard_teleop.cpython-310.pyc
[1.005s] running install_data
[1.005s] running install_egg_info
[1.018s] removing '/home/yash_linux/teleop_ws/install/teleop_arm/lib/python3.10/site-packages/teleop_arm-0.0.0-py3.10.egg-info' (and everything under it)
[1.018s] Copying ../../build/teleop_arm/teleop_arm.egg-info to /home/yash_linux/teleop_ws/install/teleop_arm/lib/python3.10/site-packages/teleop_arm-0.0.0-py3.10.egg-info
[1.019s] running install_scripts
[1.142s] Installing keyboard_teleop script to /home/yash_linux/teleop_ws/install/teleop_arm/lib/teleop_arm
[1.142s] writing list of installed files to '/home/yash_linux/teleop_ws/build/teleop_arm/install.log'
[1.167s] Invoked command in '/home/yash_linux/teleop_ws/src/teleop_arm' returned '0': PYTHONPATH=/home/yash_linux/teleop_ws/build/teleop_arm/prefix_override:/usr/lib/python3/dist-packages/colcon_core/task/python/colcon_distutils_commands:/home/yash_linux/teleop_ws/install/teleop_arm/lib/python3.10/site-packages:${PYTHONPATH} /usr/bin/python3 -W ignore:setup.py install is deprecated -W ignore:easy_install command is deprecated setup.py egg_info --egg-base ../../build/teleop_arm build --build-base /home/yash_linux/teleop_ws/build/teleop_arm/build install --record /home/yash_linux/teleop_ws/build/teleop_arm/install.log --single-version-externally-managed install_data
