running egg_info
writing ../../build/teleop_arm/teleop_arm.egg-info/PKG-INFO
writing dependency_links to ../../build/teleop_arm/teleop_arm.egg-info/dependency_links.txt
writing entry points to ../../build/teleop_arm/teleop_arm.egg-info/entry_points.txt
writing requirements to ../../build/teleop_arm/teleop_arm.egg-info/requires.txt
writing top-level names to ../../build/teleop_arm/teleop_arm.egg-info/top_level.txt
reading manifest file '../../build/teleop_arm/teleop_arm.egg-info/SOURCES.txt'
writing manifest file '../../build/teleop_arm/teleop_arm.egg-info/SOURCES.txt'
running build
running build_py
running install
running install_lib
running install_data
copying launch/sim_teleop.launch.py -> /home/yash_linux/teleop_ws/install/teleop_arm/share/teleop_arm/launch
running install_egg_info
removing '/home/yash_linux/teleop_ws/install/teleop_arm/lib/python3.10/site-packages/teleop_arm-0.0.0-py3.10.egg-info' (and everything under it)
Copying ../../build/teleop_arm/teleop_arm.egg-info to /home/yash_linux/teleop_ws/install/teleop_arm/lib/python3.10/site-packages/teleop_arm-0.0.0-py3.10.egg-info
running install_scripts
Installing keyboard_teleop script to /home/yash_linux/teleop_ws/install/teleop_arm/lib/teleop_arm
writing list of installed files to '/home/yash_linux/teleop_ws/build/teleop_arm/install.log'
