[0.258s] Invoking command in '/home/yash_linux/teleop_ws/build/ur_simulation_gazebo': CMAKE_PREFIX_PATH=${CMAKE_PREFIX_PATH}:/home/yash_linux/teleop_ws/install/teleop_arm:/opt/ros/humble /usr/bin/cmake --build /home/yash_linux/teleop_ws/build/ur_simulation_gazebo -- -j20 -l20
[0.301s] Invoked command in '/home/yash_linux/teleop_ws/build/ur_simulation_gazebo' returned '0': CMAKE_PREFIX_PATH=${CMAKE_PREFIX_PATH}:/home/yash_linux/teleop_ws/install/teleop_arm:/opt/ros/humble /usr/bin/cmake --build /home/yash_linux/teleop_ws/build/ur_simulation_gazebo -- -j20 -l20
[0.311s] Invoking command in '/home/yash_linux/teleop_ws/build/ur_simulation_gazebo': CMAKE_PREFIX_PATH=${CMAKE_PREFIX_PATH}:/home/yash_linux/teleop_ws/install/teleop_arm:/opt/ros/humble /usr/bin/cmake --install /home/yash_linux/teleop_ws/build/ur_simulation_gazebo
[0.318s] -- Install configuration: ""
[0.318s] -- Up-to-date: /home/yash_linux/teleop_ws/install/ur_simulation_gazebo/share/ur_simulation_gazebo/config
[0.318s] -- Up-to-date: /home/yash_linux/teleop_ws/install/ur_simulation_gazebo/share/ur_simulation_gazebo/config/ur_controllers.yaml:Zone.Identifier
[0.318s] -- Up-to-date: /home/yash_linux/teleop_ws/install/ur_simulation_gazebo/share/ur_simulation_gazebo/config/ur_controllers.yaml:Zone.Identifier:Zone.Identifier
[0.318s] -- Up-to-date: /home/yash_linux/teleop_ws/install/ur_simulation_gazebo/share/ur_simulation_gazebo/config/ur_controllers.yaml
[0.319s] -- Up-to-date: /home/yash_linux/teleop_ws/install/ur_simulation_gazebo/share/ur_simulation_gazebo/launch
[0.319s] -- Up-to-date: /home/yash_linux/teleop_ws/install/ur_simulation_gazebo/share/ur_simulation_gazebo/launch/ur_sim_control.launch.py
[0.319s] -- Up-to-date: /home/yash_linux/teleop_ws/install/ur_simulation_gazebo/share/ur_simulation_gazebo/launch/ur_sim_moveit.launch.py:Zone.Identifier
[0.319s] -- Up-to-date: /home/yash_linux/teleop_ws/install/ur_simulation_gazebo/share/ur_simulation_gazebo/launch/ur_sim_moveit.launch.py
[0.319s] -- Up-to-date: /home/yash_linux/teleop_ws/install/ur_simulation_gazebo/share/ur_simulation_gazebo/launch/ur_sim_moveit.launch.py:Zone.Identifier:Zone.Identifier
[0.319s] -- Up-to-date: /home/yash_linux/teleop_ws/install/ur_simulation_gazebo/share/ur_simulation_gazebo/launch/ur_sim_control.launch.py:Zone.Identifier
[0.319s] -- Up-to-date: /home/yash_linux/teleop_ws/install/ur_simulation_gazebo/share/ament_index/resource_index/package_run_dependencies/ur_simulation_gazebo
[0.319s] -- Up-to-date: /home/yash_linux/teleop_ws/install/ur_simulation_gazebo/share/ament_index/resource_index/parent_prefix_path/ur_simulation_gazebo
[0.320s] -- Up-to-date: /home/yash_linux/teleop_ws/install/ur_simulation_gazebo/share/ur_simulation_gazebo/environment/ament_prefix_path.sh
[0.320s] -- Up-to-date: /home/yash_linux/teleop_ws/install/ur_simulation_gazebo/share/ur_simulation_gazebo/environment/ament_prefix_path.dsv
[0.320s] -- Up-to-date: /home/yash_linux/teleop_ws/install/ur_simulation_gazebo/share/ur_simulation_gazebo/environment/path.sh
[0.320s] -- Up-to-date: /home/yash_linux/teleop_ws/install/ur_simulation_gazebo/share/ur_simulation_gazebo/environment/path.dsv
[0.320s] -- Up-to-date: /home/yash_linux/teleop_ws/install/ur_simulation_gazebo/share/ur_simulation_gazebo/local_setup.bash
[0.320s] -- Up-to-date: /home/yash_linux/teleop_ws/install/ur_simulation_gazebo/share/ur_simulation_gazebo/local_setup.sh
[0.320s] -- Up-to-date: /home/yash_linux/teleop_ws/install/ur_simulation_gazebo/share/ur_simulation_gazebo/local_setup.zsh
[0.321s] -- Up-to-date: /home/yash_linux/teleop_ws/install/ur_simulation_gazebo/share/ur_simulation_gazebo/local_setup.dsv
[0.321s] -- Installing: /home/yash_linux/teleop_ws/install/ur_simulation_gazebo/share/ur_simulation_gazebo/package.dsv
[0.321s] -- Up-to-date: /home/yash_linux/teleop_ws/install/ur_simulation_gazebo/share/ament_index/resource_index/packages/ur_simulation_gazebo
[0.321s] -- Up-to-date: /home/yash_linux/teleop_ws/install/ur_simulation_gazebo/share/ur_simulation_gazebo/cmake/ur_simulation_gazeboConfig.cmake
[0.321s] -- Up-to-date: /home/yash_linux/teleop_ws/install/ur_simulation_gazebo/share/ur_simulation_gazebo/cmake/ur_simulation_gazeboConfig-version.cmake
[0.321s] -- Up-to-date: /home/yash_linux/teleop_ws/install/ur_simulation_gazebo/share/ur_simulation_gazebo/package.xml
[0.322s] Invoked command in '/home/yash_linux/teleop_ws/build/ur_simulation_gazebo' returned '0': CMAKE_PREFIX_PATH=${CMAKE_PREFIX_PATH}:/home/yash_linux/teleop_ws/install/teleop_arm:/opt/ros/humble /usr/bin/cmake --install /home/yash_linux/teleop_ws/build/ur_simulation_gazebo
