[0.225s] Invoking command in '/home/yash_linux/teleop_ws/build/ur_simulation_gazebo': CMAKE_PREFIX_PATH=/home/yash_linux/teleop_ws/install/teleop_arm:/opt/ros/humble /usr/bin/cmake /home/yash_linux/teleop_ws/src/Universal_Robots_ROS2_Gazebo_Simulation/ur_simulation_gazebo -DCMAKE_INSTALL_PREFIX=/home/yash_linux/teleop_ws/install/ur_simulation_gazebo
[0.646s] -- The C compiler identification is GNU 11.4.0
[3.154s] -- The CXX compiler identification is GNU 11.4.0
[4.770s] -- Detecting C compiler ABI info
[5.302s] -- Detecting C compiler ABI info - done
[5.310s] -- Check for working C compiler: /usr/bin/cc - skipped
[5.310s] -- Detecting C compile features
[5.311s] -- Detecting C compile features - done
[5.315s] -- Detecting CXX compiler ABI info
[5.774s] -- Detecting CXX compiler ABI info - done
[5.780s] -- Check for working CXX compiler: /usr/bin/c++ - skipped
[5.780s] -- Detecting CXX compile features
[5.781s] -- Detecting CXX compile features - done
[5.786s] -- Found ament_cmake: 1.3.11 (/opt/ros/humble/share/ament_cmake/cmake)
[6.097s] -- Found Python3: /usr/bin/python3 (found version "3.10.12") found components: Interpreter 
[6.197s] -- Found launch_testing_ament_cmake: 1.0.9 (/opt/ros/humble/share/launch_testing_ament_cmake/cmake)
[6.199s] -- Found python_cmake_module: 0.10.0 (/opt/ros/humble/share/python_cmake_module/cmake)
[6.951s] -- Found PythonInterp: /usr/bin/python3 (found suitable version "3.10.12", minimum required is "3.6") 
[9.885s] -- Found PythonLibs: /usr/lib/x86_64-linux-gnu/libpython3.10.so (found suitable version "3.10.12", minimum required is "3.5") 
[9.885s] -- Using PYTHON_EXECUTABLE: /usr/bin/python3
[9.885s] -- Using PYTHON_INCLUDE_DIRS: /usr/include/python3.10
[9.886s] -- Using PYTHON_LIBRARIES: /usr/lib/x86_64-linux-gnu/libpython3.10.so
[9.934s] -- Found PythonExtra: .so  
[9.941s] -- Found ament_cmake_pytest: 1.3.11 (/opt/ros/humble/share/ament_cmake_pytest/cmake)
[10.060s] -- Configuring done
[10.069s] -- Generating done
[10.073s] -- Build files have been written to: /home/yash_linux/teleop_ws/build/ur_simulation_gazebo
[10.083s] Invoked command in '/home/yash_linux/teleop_ws/build/ur_simulation_gazebo' returned '0': CMAKE_PREFIX_PATH=/home/yash_linux/teleop_ws/install/teleop_arm:/opt/ros/humble /usr/bin/cmake /home/yash_linux/teleop_ws/src/Universal_Robots_ROS2_Gazebo_Simulation/ur_simulation_gazebo -DCMAKE_INSTALL_PREFIX=/home/yash_linux/teleop_ws/install/ur_simulation_gazebo
[10.087s] Invoking command in '/home/yash_linux/teleop_ws/build/ur_simulation_gazebo': CMAKE_PREFIX_PATH=/home/yash_linux/teleop_ws/install/teleop_arm:/opt/ros/humble /usr/bin/cmake --build /home/yash_linux/teleop_ws/build/ur_simulation_gazebo -- -j20 -l20
[10.130s] Invoked command in '/home/yash_linux/teleop_ws/build/ur_simulation_gazebo' returned '0': CMAKE_PREFIX_PATH=/home/yash_linux/teleop_ws/install/teleop_arm:/opt/ros/humble /usr/bin/cmake --build /home/yash_linux/teleop_ws/build/ur_simulation_gazebo -- -j20 -l20
[10.140s] Invoking command in '/home/yash_linux/teleop_ws/build/ur_simulation_gazebo': CMAKE_PREFIX_PATH=/home/yash_linux/teleop_ws/install/teleop_arm:/opt/ros/humble /usr/bin/cmake --install /home/yash_linux/teleop_ws/build/ur_simulation_gazebo
[10.146s] -- Install configuration: ""
[10.146s] -- Installing: /home/yash_linux/teleop_ws/install/ur_simulation_gazebo/share/ur_simulation_gazebo/config
[10.147s] -- Installing: /home/yash_linux/teleop_ws/install/ur_simulation_gazebo/share/ur_simulation_gazebo/config/ur_controllers.yaml:Zone.Identifier
[10.147s] -- Installing: /home/yash_linux/teleop_ws/install/ur_simulation_gazebo/share/ur_simulation_gazebo/config/ur_controllers.yaml:Zone.Identifier:Zone.Identifier
[10.147s] -- Installing: /home/yash_linux/teleop_ws/install/ur_simulation_gazebo/share/ur_simulation_gazebo/config/ur_controllers.yaml
[10.147s] -- Installing: /home/yash_linux/teleop_ws/install/ur_simulation_gazebo/share/ur_simulation_gazebo/launch
[10.147s] -- Installing: /home/yash_linux/teleop_ws/install/ur_simulation_gazebo/share/ur_simulation_gazebo/launch/ur_sim_control.launch.py
[10.148s] -- Installing: /home/yash_linux/teleop_ws/install/ur_simulation_gazebo/share/ur_simulation_gazebo/launch/ur_sim_moveit.launch.py:Zone.Identifier
[10.148s] -- Installing: /home/yash_linux/teleop_ws/install/ur_simulation_gazebo/share/ur_simulation_gazebo/launch/ur_sim_moveit.launch.py
[10.148s] -- Installing: /home/yash_linux/teleop_ws/install/ur_simulation_gazebo/share/ur_simulation_gazebo/launch/ur_sim_moveit.launch.py:Zone.Identifier:Zone.Identifier
[10.148s] -- Installing: /home/yash_linux/teleop_ws/install/ur_simulation_gazebo/share/ur_simulation_gazebo/launch/ur_sim_control.launch.py:Zone.Identifier
[10.148s] -- Installing: /home/yash_linux/teleop_ws/install/ur_simulation_gazebo/share/ament_index/resource_index/package_run_dependencies/ur_simulation_gazebo
[10.149s] -- Installing: /home/yash_linux/teleop_ws/install/ur_simulation_gazebo/share/ament_index/resource_index/parent_prefix_path/ur_simulation_gazebo
[10.149s] -- Installing: /home/yash_linux/teleop_ws/install/ur_simulation_gazebo/share/ur_simulation_gazebo/environment/ament_prefix_path.sh
[10.149s] -- Installing: /home/yash_linux/teleop_ws/install/ur_simulation_gazebo/share/ur_simulation_gazebo/environment/ament_prefix_path.dsv
[10.149s] -- Installing: /home/yash_linux/teleop_ws/install/ur_simulation_gazebo/share/ur_simulation_gazebo/environment/path.sh
[10.149s] -- Installing: /home/yash_linux/teleop_ws/install/ur_simulation_gazebo/share/ur_simulation_gazebo/environment/path.dsv
[10.150s] -- Installing: /home/yash_linux/teleop_ws/install/ur_simulation_gazebo/share/ur_simulation_gazebo/local_setup.bash
[10.150s] -- Installing: /home/yash_linux/teleop_ws/install/ur_simulation_gazebo/share/ur_simulation_gazebo/local_setup.sh
[10.150s] -- Installing: /home/yash_linux/teleop_ws/install/ur_simulation_gazebo/share/ur_simulation_gazebo/local_setup.zsh
[10.150s] -- Installing: /home/yash_linux/teleop_ws/install/ur_simulation_gazebo/share/ur_simulation_gazebo/local_setup.dsv
[10.150s] -- Installing: /home/yash_linux/teleop_ws/install/ur_simulation_gazebo/share/ur_simulation_gazebo/package.dsv
[10.151s] -- Installing: /home/yash_linux/teleop_ws/install/ur_simulation_gazebo/share/ament_index/resource_index/packages/ur_simulation_gazebo
[10.151s] -- Installing: /home/yash_linux/teleop_ws/install/ur_simulation_gazebo/share/ur_simulation_gazebo/cmake/ur_simulation_gazeboConfig.cmake
[10.151s] -- Installing: /home/yash_linux/teleop_ws/install/ur_simulation_gazebo/share/ur_simulation_gazebo/cmake/ur_simulation_gazeboConfig-version.cmake
[10.152s] -- Installing: /home/yash_linux/teleop_ws/install/ur_simulation_gazebo/share/ur_simulation_gazebo/package.xml
[10.153s] Invoked command in '/home/yash_linux/teleop_ws/build/ur_simulation_gazebo' returned '0': CMAKE_PREFIX_PATH=/home/yash_linux/teleop_ws/install/teleop_arm:/opt/ros/humble /usr/bin/cmake --install /home/yash_linux/teleop_ws/build/ur_simulation_gazebo
