[0.218s] Invoking command in '/home/yash_linux/teleop_ws/build/ur_simulation_gazebo': CMAKE_PREFIX_PATH=${CMAKE_PREFIX_PATH}:/home/yash_linux/teleop_ws/install/teleop_arm:/opt/ros/humble /usr/bin/cmake --build /home/yash_linux/teleop_ws/build/ur_simulation_gazebo -- -j20 -l20
[0.265s] Invoked command in '/home/yash_linux/teleop_ws/build/ur_simulation_gazebo' returned '0': CMAKE_PREFIX_PATH=${CMAKE_PREFIX_PATH}:/home/yash_linux/teleop_ws/install/teleop_arm:/opt/ros/humble /usr/bin/cmake --build /home/yash_linux/teleop_ws/build/ur_simulation_gazebo -- -j20 -l20
[0.278s] Invoking command in '/home/yash_linux/teleop_ws/build/ur_simulation_gazebo': CMAKE_PREFIX_PATH=${CMAKE_PREFIX_PATH}:/home/yash_linux/teleop_ws/install/teleop_arm:/opt/ros/humble /usr/bin/cmake --install /home/yash_linux/teleop_ws/build/ur_simulation_gazebo
[0.288s] -- Install configuration: ""
[0.288s] -- Up-to-date: /home/yash_linux/teleop_ws/install/ur_simulation_gazebo/share/ur_simulation_gazebo/config
[0.289s] -- Up-to-date: /home/yash_linux/teleop_ws/install/ur_simulation_gazebo/share/ur_simulation_gazebo/config/ur_controllers.yaml:Zone.Identifier
[0.289s] -- Up-to-date: /home/yash_linux/teleop_ws/install/ur_simulation_gazebo/share/ur_simulation_gazebo/config/ur_controllers.yaml:Zone.Identifier:Zone.Identifier
[0.290s] -- Up-to-date: /home/yash_linux/teleop_ws/install/ur_simulation_gazebo/share/ur_simulation_gazebo/config/ur_controllers.yaml
[0.290s] -- Up-to-date: /home/yash_linux/teleop_ws/install/ur_simulation_gazebo/share/ur_simulation_gazebo/launch
[0.291s] -- Up-to-date: /home/yash_linux/teleop_ws/install/ur_simulation_gazebo/share/ur_simulation_gazebo/launch/ur_sim_control.launch.py
[0.291s] -- Up-to-date: /home/yash_linux/teleop_ws/install/ur_simulation_gazebo/share/ur_simulation_gazebo/launch/ur_sim_moveit.launch.py:Zone.Identifier
[0.291s] -- Up-to-date: /home/yash_linux/teleop_ws/install/ur_simulation_gazebo/share/ur_simulation_gazebo/launch/ur_sim_moveit.launch.py
[0.291s] -- Up-to-date: /home/yash_linux/teleop_ws/install/ur_simulation_gazebo/share/ur_simulation_gazebo/launch/ur_sim_moveit.launch.py:Zone.Identifier:Zone.Identifier
[0.292s] -- Up-to-date: /home/yash_linux/teleop_ws/install/ur_simulation_gazebo/share/ur_simulation_gazebo/launch/ur_sim_control.launch.py:Zone.Identifier
[0.292s] -- Up-to-date: /home/yash_linux/teleop_ws/install/ur_simulation_gazebo/share/ament_index/resource_index/package_run_dependencies/ur_simulation_gazebo
[0.293s] -- Up-to-date: /home/yash_linux/teleop_ws/install/ur_simulation_gazebo/share/ament_index/resource_index/parent_prefix_path/ur_simulation_gazebo
[0.293s] -- Up-to-date: /home/yash_linux/teleop_ws/install/ur_simulation_gazebo/share/ur_simulation_gazebo/environment/ament_prefix_path.sh
[0.293s] -- Up-to-date: /home/yash_linux/teleop_ws/install/ur_simulation_gazebo/share/ur_simulation_gazebo/environment/ament_prefix_path.dsv
[0.293s] -- Up-to-date: /home/yash_linux/teleop_ws/install/ur_simulation_gazebo/share/ur_simulation_gazebo/environment/path.sh
[0.295s] -- Up-to-date: /home/yash_linux/teleop_ws/install/ur_simulation_gazebo/share/ur_simulation_gazebo/environment/path.dsv
[0.296s] -- Up-to-date: /home/yash_linux/teleop_ws/install/ur_simulation_gazebo/share/ur_simulation_gazebo/local_setup.bash
[0.297s] -- Up-to-date: /home/yash_linux/teleop_ws/install/ur_simulation_gazebo/share/ur_simulation_gazebo/local_setup.sh
[0.297s] -- Up-to-date: /home/yash_linux/teleop_ws/install/ur_simulation_gazebo/share/ur_simulation_gazebo/local_setup.zsh
[0.298s] -- Up-to-date: /home/yash_linux/teleop_ws/install/ur_simulation_gazebo/share/ur_simulation_gazebo/local_setup.dsv
[0.299s] -- Installing: /home/yash_linux/teleop_ws/install/ur_simulation_gazebo/share/ur_simulation_gazebo/package.dsv
[0.300s] -- Up-to-date: /home/yash_linux/teleop_ws/install/ur_simulation_gazebo/share/ament_index/resource_index/packages/ur_simulation_gazebo
[0.301s] -- Up-to-date: /home/yash_linux/teleop_ws/install/ur_simulation_gazebo/share/ur_simulation_gazebo/cmake/ur_simulation_gazeboConfig.cmake
[0.301s] -- Up-to-date: /home/yash_linux/teleop_ws/install/ur_simulation_gazebo/share/ur_simulation_gazebo/cmake/ur_simulation_gazeboConfig-version.cmake
[0.302s] -- Up-to-date: /home/yash_linux/teleop_ws/install/ur_simulation_gazebo/share/ur_simulation_gazebo/package.xml
[0.303s] Invoked command in '/home/yash_linux/teleop_ws/build/ur_simulation_gazebo' returned '0': CMAKE_PREFIX_PATH=${CMAKE_PREFIX_PATH}:/home/yash_linux/teleop_ws/install/teleop_arm:/opt/ros/humble /usr/bin/cmake --install /home/yash_linux/teleop_ws/build/ur_simulation_gazebo
