[0.615s] Invoking command in '/home/yash_linux/teleop_ws/src/teleop_arm': PYTHONPATH=/home/yash_linux/teleop_ws/build/teleop_arm/prefix_override:/usr/lib/python3/dist-packages/colcon_core/task/python/colcon_distutils_commands:/home/yash_linux/teleop_ws/install/teleop_arm/lib/python3.10/site-packages:${PYTHONPATH} /usr/bin/python3 -W ignore:setup.py install is deprecated -W ignore:easy_install command is deprecated setup.py egg_info --egg-base ../../build/teleop_arm build --build-base /home/yash_linux/teleop_ws/build/teleop_arm/build install --record /home/yash_linux/teleop_ws/build/teleop_arm/install.log --single-version-externally-managed install_data
[0.792s] running egg_info
[0.802s] writing ../../build/teleop_arm/teleop_arm.egg-info/PKG-INFO
[0.802s] writing dependency_links to ../../build/teleop_arm/teleop_arm.egg-info/dependency_links.txt
[0.803s] writing entry points to ../../build/teleop_arm/teleop_arm.egg-info/entry_points.txt
[0.803s] writing requirements to ../../build/teleop_arm/teleop_arm.egg-info/requires.txt
[0.803s] writing top-level names to ../../build/teleop_arm/teleop_arm.egg-info/top_level.txt
[0.825s] reading manifest file '../../build/teleop_arm/teleop_arm.egg-info/SOURCES.txt'
[0.826s] writing manifest file '../../build/teleop_arm/teleop_arm.egg-info/SOURCES.txt'
[0.826s] running build
[0.826s] running build_py
[0.826s] copying teleop_arm/keyboard_teleop.py -> /home/yash_linux/teleop_ws/build/teleop_arm/build/lib/teleop_arm
[0.827s] running install
[0.831s] running install_lib
[0.842s] copying /home/yash_linux/teleop_ws/build/teleop_arm/build/lib/teleop_arm/keyboard_teleop.py -> /home/yash_linux/teleop_ws/install/teleop_arm/lib/python3.10/site-packages/teleop_arm
[0.842s] byte-compiling /home/yash_linux/teleop_ws/install/teleop_arm/lib/python3.10/site-packages/teleop_arm/keyboard_teleop.py to keyboard_teleop.cpython-310.pyc
[0.843s] running install_data
[0.843s] running install_egg_info
[0.856s] removing '/home/yash_linux/teleop_ws/install/teleop_arm/lib/python3.10/site-packages/teleop_arm-0.0.0-py3.10.egg-info' (and everything under it)
[0.856s] Copying ../../build/teleop_arm/teleop_arm.egg-info to /home/yash_linux/teleop_ws/install/teleop_arm/lib/python3.10/site-packages/teleop_arm-0.0.0-py3.10.egg-info
[0.858s] running install_scripts
[0.966s] Installing keyboard_teleop script to /home/yash_linux/teleop_ws/install/teleop_arm/lib/teleop_arm
[0.966s] writing list of installed files to '/home/yash_linux/teleop_ws/build/teleop_arm/install.log'
[0.988s] Invoked command in '/home/yash_linux/teleop_ws/src/teleop_arm' returned '0': PYTHONPATH=/home/yash_linux/teleop_ws/build/teleop_arm/prefix_override:/usr/lib/python3/dist-packages/colcon_core/task/python/colcon_distutils_commands:/home/yash_linux/teleop_ws/install/teleop_arm/lib/python3.10/site-packages:${PYTHONPATH} /usr/bin/python3 -W ignore:setup.py install is deprecated -W ignore:easy_install command is deprecated setup.py egg_info --egg-base ../../build/teleop_arm build --build-base /home/yash_linux/teleop_ws/build/teleop_arm/build install --record /home/yash_linux/teleop_ws/build/teleop_arm/install.log --single-version-externally-managed install_data
